{"level":"info","message":"Executing (default): SELECT 1+1 AS result","timestamp":"2024-01-29T05:57:18.617Z"}
{"level":"info","message":"Executing (default): SELECT 1+1 AS result","timestamp":"2024-01-29T05:57:18.624Z"}
{"level":"info","message":"Executing (default): SELECT TABLE_NAME FROM INFORMATION_SCHEMA.TABLES WHERE TABLE_TYPE = 'BASE TABLE' AND TABLE_NAME = 'alumnos' AND TABLE_SCHEMA = 'utvtapi'","timestamp":"2024-01-29T05:57:18.628Z"}
{"level":"info","message":"Executing (default): SELECT TABLE_NAME FROM INFORMATION_SCHEMA.TABLES WHERE TABLE_TYPE = 'BASE TABLE' AND TABLE_NAME = 'apikey' AND TABLE_SCHEMA = 'utvtapi'","timestamp":"2024-01-29T05:57:18.630Z"}
{"level":"info","message":"Executing (default): SHOW INDEX FROM `alumnos`","timestamp":"2024-01-29T05:57:18.636Z"}
{"level":"info","message":"Executing (default): SHOW INDEX FROM `apikey`","timestamp":"2024-01-29T05:57:18.638Z"}
{"level":"info","message":"Executing (default): SELECT 1+1 AS result","timestamp":"2024-01-29T05:59:48.274Z"}
{"level":"info","message":"Executing (default): SELECT 1+1 AS result","timestamp":"2024-01-29T05:59:48.282Z"}
{"level":"info","message":"Executing (default): SELECT TABLE_NAME FROM INFORMATION_SCHEMA.TABLES WHERE TABLE_TYPE = 'BASE TABLE' AND TABLE_NAME = 'alumnos' AND TABLE_SCHEMA = 'utvtapi'","timestamp":"2024-01-29T05:59:48.285Z"}
{"level":"info","message":"Executing (default): SELECT TABLE_NAME FROM INFORMATION_SCHEMA.TABLES WHERE TABLE_TYPE = 'BASE TABLE' AND TABLE_NAME = 'apikey' AND TABLE_SCHEMA = 'utvtapi'","timestamp":"2024-01-29T05:59:48.287Z"}
{"level":"info","message":"Executing (default): SHOW INDEX FROM `alumnos`","timestamp":"2024-01-29T05:59:48.295Z"}
{"level":"info","message":"Executing (default): SHOW INDEX FROM `apikey`","timestamp":"2024-01-29T05:59:48.297Z"}
{"level":"info","message":"Executing (default): SELECT 1+1 AS result","timestamp":"2024-01-29T06:01:28.890Z"}
{"level":"info","message":"Executing (default): SELECT 1+1 AS result","timestamp":"2024-01-29T06:01:28.899Z"}
{"level":"info","message":"Executing (default): SELECT TABLE_NAME FROM INFORMATION_SCHEMA.TABLES WHERE TABLE_TYPE = 'BASE TABLE' AND TABLE_NAME = 'alumnos' AND TABLE_SCHEMA = 'utvtapi'","timestamp":"2024-01-29T06:01:28.901Z"}
{"level":"info","message":"Executing (default): SELECT TABLE_NAME FROM INFORMATION_SCHEMA.TABLES WHERE TABLE_TYPE = 'BASE TABLE' AND TABLE_NAME = 'apikey' AND TABLE_SCHEMA = 'utvtapi'","timestamp":"2024-01-29T06:01:28.908Z"}
{"level":"info","message":"Executing (default): SHOW INDEX FROM `apikey`","timestamp":"2024-01-29T06:01:28.915Z"}
{"level":"info","message":"Executing (default): SHOW INDEX FROM `alumnos`","timestamp":"2024-01-29T06:01:28.940Z"}
{"level":"info","message":"Executing (default): SELECT 1+1 AS result","timestamp":"2024-01-30T02:59:24.416Z"}
{"level":"info","message":"Executing (default): SELECT 1+1 AS result","timestamp":"2024-01-30T02:59:24.421Z"}
{"level":"info","message":"Executing (default): SELECT TABLE_NAME FROM INFORMATION_SCHEMA.TABLES WHERE TABLE_TYPE = 'BASE TABLE' AND TABLE_NAME = 'alumnos' AND TABLE_SCHEMA = 'utvtapi'","timestamp":"2024-01-30T02:59:24.422Z"}
{"level":"info","message":"Executing (default): SELECT TABLE_NAME FROM INFORMATION_SCHEMA.TABLES WHERE TABLE_TYPE = 'BASE TABLE' AND TABLE_NAME = 'apikey' AND TABLE_SCHEMA = 'utvtapi'","timestamp":"2024-01-30T02:59:24.424Z"}
{"level":"info","message":"Executing (default): SHOW INDEX FROM `alumnos`","timestamp":"2024-01-30T02:59:24.439Z"}
{"level":"info","message":"Executing (default): SHOW INDEX FROM `apikey`","timestamp":"2024-01-30T02:59:24.441Z"}
{"level":"info","message":"Executing (default): SELECT `idApiKey`, `apiKey`, `empresa`, `status`, `DateCreated` FROM `apikey` AS `apikey` WHERE `apikey`.`apiKey` = 'asd' AND `apikey`.`status` = 1 LIMIT 1;","timestamp":"2024-01-30T03:22:39.603Z"}
{"level":"info","message":"Executing (default): SELECT 1+1 AS result","timestamp":"2024-01-30T04:05:52.065Z"}
{"level":"info","message":"Executing (default): SELECT 1+1 AS result","timestamp":"2024-01-30T04:05:52.075Z"}
{"level":"info","message":"Executing (default): SELECT TABLE_NAME FROM INFORMATION_SCHEMA.TABLES WHERE TABLE_TYPE = 'BASE TABLE' AND TABLE_NAME = 'alumnos' AND TABLE_SCHEMA = 'utvtapi'","timestamp":"2024-01-30T04:05:52.077Z"}
{"level":"info","message":"Executing (default): SELECT TABLE_NAME FROM INFORMATION_SCHEMA.TABLES WHERE TABLE_TYPE = 'BASE TABLE' AND TABLE_NAME = 'apikey' AND TABLE_SCHEMA = 'utvtapi'","timestamp":"2024-01-30T04:05:52.137Z"}
{"level":"info","message":"Executing (default): SHOW INDEX FROM `apikey`","timestamp":"2024-01-30T04:05:52.287Z"}
{"level":"info","message":"Executing (default): SHOW INDEX FROM `alumnos`","timestamp":"2024-01-30T04:05:52.291Z"}
{"level":"info","message":"Executing (default): SELECT 1+1 AS result","timestamp":"2024-01-30T04:11:15.263Z"}
{"level":"info","message":"Executing (default): SELECT 1+1 AS result","timestamp":"2024-01-30T04:11:15.279Z"}
{"level":"info","message":"Executing (default): SELECT TABLE_NAME FROM INFORMATION_SCHEMA.TABLES WHERE TABLE_TYPE = 'BASE TABLE' AND TABLE_NAME = 'alumnos' AND TABLE_SCHEMA = 'utvtapi'","timestamp":"2024-01-30T04:11:15.297Z"}
{"level":"info","message":"Executing (default): SELECT TABLE_NAME FROM INFORMATION_SCHEMA.TABLES WHERE TABLE_TYPE = 'BASE TABLE' AND TABLE_NAME = 'apikey' AND TABLE_SCHEMA = 'utvtapi'","timestamp":"2024-01-30T04:11:15.304Z"}
{"level":"info","message":"Executing (default): SHOW INDEX FROM `alumnos`","timestamp":"2024-01-30T04:11:15.309Z"}
{"level":"info","message":"Executing (default): SHOW INDEX FROM `apikey`","timestamp":"2024-01-30T04:11:15.317Z"}
{"level":"info","message":"Executing (default): SELECT 1+1 AS result","timestamp":"2024-01-30T04:12:04.371Z"}
{"level":"info","message":"Executing (default): SELECT 1+1 AS result","timestamp":"2024-01-30T04:12:04.382Z"}
{"level":"info","message":"Executing (default): SELECT TABLE_NAME FROM INFORMATION_SCHEMA.TABLES WHERE TABLE_TYPE = 'BASE TABLE' AND TABLE_NAME = 'alumnos' AND TABLE_SCHEMA = 'utvtapi'","timestamp":"2024-01-30T04:12:04.384Z"}
{"level":"info","message":"Executing (default): SELECT TABLE_NAME FROM INFORMATION_SCHEMA.TABLES WHERE TABLE_TYPE = 'BASE TABLE' AND TABLE_NAME = 'apikey' AND TABLE_SCHEMA = 'utvtapi'","timestamp":"2024-01-30T04:12:04.389Z"}
{"level":"info","message":"Executing (default): SHOW INDEX FROM `alumnos`","timestamp":"2024-01-30T04:12:04.393Z"}
{"level":"info","message":"Executing (default): SHOW INDEX FROM `apikey`","timestamp":"2024-01-30T04:12:04.396Z"}
{"level":"info","message":"Executing (default): SELECT 1+1 AS result","timestamp":"2024-01-30T04:12:17.444Z"}
{"level":"info","message":"Executing (default): SELECT 1+1 AS result","timestamp":"2024-01-30T04:12:17.452Z"}
{"level":"info","message":"Executing (default): SELECT TABLE_NAME FROM INFORMATION_SCHEMA.TABLES WHERE TABLE_TYPE = 'BASE TABLE' AND TABLE_NAME = 'alumnos' AND TABLE_SCHEMA = 'utvtapi'","timestamp":"2024-01-30T04:12:17.455Z"}
{"level":"info","message":"Executing (default): SELECT TABLE_NAME FROM INFORMATION_SCHEMA.TABLES WHERE TABLE_TYPE = 'BASE TABLE' AND TABLE_NAME = 'apikey' AND TABLE_SCHEMA = 'utvtapi'","timestamp":"2024-01-30T04:12:17.462Z"}
{"level":"info","message":"Executing (default): SHOW INDEX FROM `alumnos`","timestamp":"2024-01-30T04:12:17.556Z"}
{"level":"info","message":"Executing (default): SHOW INDEX FROM `apikey`","timestamp":"2024-01-30T04:12:17.558Z"}
{"level":"info","message":"Executing (default): SELECT 1+1 AS result","timestamp":"2024-01-30T04:12:25.779Z"}
{"level":"info","message":"Executing (default): SELECT 1+1 AS result","timestamp":"2024-01-30T04:12:25.783Z"}
{"level":"info","message":"Executing (default): SELECT TABLE_NAME FROM INFORMATION_SCHEMA.TABLES WHERE TABLE_TYPE = 'BASE TABLE' AND TABLE_NAME = 'alumnos' AND TABLE_SCHEMA = 'utvtapi'","timestamp":"2024-01-30T04:12:25.784Z"}
{"level":"info","message":"Executing (default): SELECT TABLE_NAME FROM INFORMATION_SCHEMA.TABLES WHERE TABLE_TYPE = 'BASE TABLE' AND TABLE_NAME = 'apikey' AND TABLE_SCHEMA = 'utvtapi'","timestamp":"2024-01-30T04:12:25.788Z"}
{"level":"info","message":"Executing (default): SHOW INDEX FROM `apikey`","timestamp":"2024-01-30T04:12:25.796Z"}
{"level":"info","message":"Executing (default): SHOW INDEX FROM `alumnos`","timestamp":"2024-01-30T04:12:25.799Z"}
{"level":"info","message":"Executing (default): SELECT 1+1 AS result","timestamp":"2024-01-30T04:12:33.956Z"}
{"level":"info","message":"Executing (default): SELECT 1+1 AS result","timestamp":"2024-01-30T04:12:33.963Z"}
{"level":"info","message":"Executing (default): SELECT TABLE_NAME FROM INFORMATION_SCHEMA.TABLES WHERE TABLE_TYPE = 'BASE TABLE' AND TABLE_NAME = 'alumnos' AND TABLE_SCHEMA = 'utvtapi'","timestamp":"2024-01-30T04:12:33.966Z"}
{"level":"info","message":"Executing (default): SELECT TABLE_NAME FROM INFORMATION_SCHEMA.TABLES WHERE TABLE_TYPE = 'BASE TABLE' AND TABLE_NAME = 'apikey' AND TABLE_SCHEMA = 'utvtapi'","timestamp":"2024-01-30T04:12:33.968Z"}
{"level":"info","message":"Executing (default): SHOW INDEX FROM `alumnos`","timestamp":"2024-01-30T04:12:33.973Z"}
{"level":"info","message":"Executing (default): SHOW INDEX FROM `apikey`","timestamp":"2024-01-30T04:12:33.974Z"}
{"level":"info","message":"Executing (default): SELECT 1+1 AS result","timestamp":"2024-01-30T04:12:51.584Z"}
{"level":"info","message":"Executing (default): SELECT 1+1 AS result","timestamp":"2024-01-30T04:12:51.591Z"}
{"level":"info","message":"Executing (default): SELECT TABLE_NAME FROM INFORMATION_SCHEMA.TABLES WHERE TABLE_TYPE = 'BASE TABLE' AND TABLE_NAME = 'alumnos' AND TABLE_SCHEMA = 'utvtapi'","timestamp":"2024-01-30T04:12:51.594Z"}
{"level":"info","message":"Executing (default): SELECT TABLE_NAME FROM INFORMATION_SCHEMA.TABLES WHERE TABLE_TYPE = 'BASE TABLE' AND TABLE_NAME = 'apikey' AND TABLE_SCHEMA = 'utvtapi'","timestamp":"2024-01-30T04:12:51.629Z"}
{"level":"info","message":"Executing (default): SHOW INDEX FROM `alumnos`","timestamp":"2024-01-30T04:12:51.638Z"}
{"level":"info","message":"Executing (default): SHOW INDEX FROM `apikey`","timestamp":"2024-01-30T04:12:51.641Z"}
{"level":"info","message":"Executing (default): SELECT 1+1 AS result","timestamp":"2024-01-30T04:13:08.616Z"}
{"level":"info","message":"Executing (default): SELECT 1+1 AS result","timestamp":"2024-01-30T04:13:08.622Z"}
{"level":"info","message":"Executing (default): SELECT TABLE_NAME FROM INFORMATION_SCHEMA.TABLES WHERE TABLE_TYPE = 'BASE TABLE' AND TABLE_NAME = 'alumnos' AND TABLE_SCHEMA = 'utvtapi'","timestamp":"2024-01-30T04:13:08.623Z"}
{"level":"info","message":"Executing (default): SELECT TABLE_NAME FROM INFORMATION_SCHEMA.TABLES WHERE TABLE_TYPE = 'BASE TABLE' AND TABLE_NAME = 'apikey' AND TABLE_SCHEMA = 'utvtapi'","timestamp":"2024-01-30T04:13:08.627Z"}
{"level":"info","message":"Executing (default): SHOW INDEX FROM `alumnos`","timestamp":"2024-01-30T04:13:08.632Z"}
{"level":"info","message":"Executing (default): SHOW INDEX FROM `apikey`","timestamp":"2024-01-30T04:13:08.634Z"}
{"level":"info","message":"Executing (default): SELECT 1+1 AS result","timestamp":"2024-01-30T04:13:12.305Z"}
{"level":"info","message":"Executing (default): SELECT 1+1 AS result","timestamp":"2024-01-30T04:13:12.312Z"}
{"level":"info","message":"Executing (default): SELECT TABLE_NAME FROM INFORMATION_SCHEMA.TABLES WHERE TABLE_TYPE = 'BASE TABLE' AND TABLE_NAME = 'alumnos' AND TABLE_SCHEMA = 'utvtapi'","timestamp":"2024-01-30T04:13:12.316Z"}
{"level":"info","message":"Executing (default): SELECT TABLE_NAME FROM INFORMATION_SCHEMA.TABLES WHERE TABLE_TYPE = 'BASE TABLE' AND TABLE_NAME = 'apikey' AND TABLE_SCHEMA = 'utvtapi'","timestamp":"2024-01-30T04:13:12.320Z"}
{"level":"info","message":"Executing (default): SHOW INDEX FROM `alumnos`","timestamp":"2024-01-30T04:13:12.325Z"}
{"level":"info","message":"Executing (default): SHOW INDEX FROM `apikey`","timestamp":"2024-01-30T04:13:12.328Z"}
{"level":"info","message":"Executing (default): SELECT 1+1 AS result","timestamp":"2024-01-30T04:13:22.898Z"}
{"level":"info","message":"Executing (default): SELECT 1+1 AS result","timestamp":"2024-01-30T04:13:22.909Z"}
{"level":"info","message":"Executing (default): SELECT TABLE_NAME FROM INFORMATION_SCHEMA.TABLES WHERE TABLE_TYPE = 'BASE TABLE' AND TABLE_NAME = 'alumnos' AND TABLE_SCHEMA = 'utvtapi'","timestamp":"2024-01-30T04:13:22.916Z"}
{"level":"info","message":"Executing (default): SELECT TABLE_NAME FROM INFORMATION_SCHEMA.TABLES WHERE TABLE_TYPE = 'BASE TABLE' AND TABLE_NAME = 'apikey' AND TABLE_SCHEMA = 'utvtapi'","timestamp":"2024-01-30T04:13:22.923Z"}
{"level":"info","message":"Executing (default): SHOW INDEX FROM `alumnos`","timestamp":"2024-01-30T04:13:22.931Z"}
{"level":"info","message":"Executing (default): SHOW INDEX FROM `apikey`","timestamp":"2024-01-30T04:13:22.940Z"}
{"level":"info","message":"Executing (default): SELECT 1+1 AS result","timestamp":"2024-01-30T04:13:28.499Z"}
{"level":"info","message":"Executing (default): SELECT 1+1 AS result","timestamp":"2024-01-30T04:13:28.505Z"}
{"level":"info","message":"Executing (default): SELECT TABLE_NAME FROM INFORMATION_SCHEMA.TABLES WHERE TABLE_TYPE = 'BASE TABLE' AND TABLE_NAME = 'alumnos' AND TABLE_SCHEMA = 'utvtapi'","timestamp":"2024-01-30T04:13:28.507Z"}
{"level":"info","message":"Executing (default): SELECT TABLE_NAME FROM INFORMATION_SCHEMA.TABLES WHERE TABLE_TYPE = 'BASE TABLE' AND TABLE_NAME = 'apikey' AND TABLE_SCHEMA = 'utvtapi'","timestamp":"2024-01-30T04:13:28.509Z"}
{"level":"info","message":"Executing (default): SHOW INDEX FROM `alumnos`","timestamp":"2024-01-30T04:13:28.514Z"}
{"level":"info","message":"Executing (default): SHOW INDEX FROM `apikey`","timestamp":"2024-01-30T04:13:28.516Z"}
{"level":"info","message":"Executing (default): SELECT 1+1 AS result","timestamp":"2024-01-30T04:14:02.758Z"}
{"level":"info","message":"Executing (default): SELECT 1+1 AS result","timestamp":"2024-01-30T04:14:02.763Z"}
{"level":"info","message":"Executing (default): SELECT TABLE_NAME FROM INFORMATION_SCHEMA.TABLES WHERE TABLE_TYPE = 'BASE TABLE' AND TABLE_NAME = 'alumnos' AND TABLE_SCHEMA = 'utvtapi'","timestamp":"2024-01-30T04:14:02.765Z"}
{"level":"info","message":"Executing (default): SELECT TABLE_NAME FROM INFORMATION_SCHEMA.TABLES WHERE TABLE_TYPE = 'BASE TABLE' AND TABLE_NAME = 'apikey' AND TABLE_SCHEMA = 'utvtapi'","timestamp":"2024-01-30T04:14:02.767Z"}
{"level":"info","message":"Executing (default): SHOW INDEX FROM `alumnos`","timestamp":"2024-01-30T04:14:02.772Z"}
{"level":"info","message":"Executing (default): SHOW INDEX FROM `apikey`","timestamp":"2024-01-30T04:14:02.774Z"}
{"level":"info","message":"Executing (default): SELECT 1+1 AS result","timestamp":"2024-01-30T04:14:12.109Z"}
{"level":"info","message":"Executing (default): SELECT 1+1 AS result","timestamp":"2024-01-30T04:14:12.116Z"}
{"level":"info","message":"Executing (default): SELECT TABLE_NAME FROM INFORMATION_SCHEMA.TABLES WHERE TABLE_TYPE = 'BASE TABLE' AND TABLE_NAME = 'alumnos' AND TABLE_SCHEMA = 'utvtapi'","timestamp":"2024-01-30T04:14:12.119Z"}
{"level":"info","message":"Executing (default): SELECT TABLE_NAME FROM INFORMATION_SCHEMA.TABLES WHERE TABLE_TYPE = 'BASE TABLE' AND TABLE_NAME = 'apikey' AND TABLE_SCHEMA = 'utvtapi'","timestamp":"2024-01-30T04:14:12.121Z"}
{"level":"info","message":"Executing (default): SHOW INDEX FROM `alumnos`","timestamp":"2024-01-30T04:14:12.127Z"}
{"level":"info","message":"Executing (default): SHOW INDEX FROM `apikey`","timestamp":"2024-01-30T04:14:12.129Z"}
{"level":"info","message":"Executing (default): SELECT 1+1 AS result","timestamp":"2024-01-30T04:14:28.307Z"}
{"level":"info","message":"Executing (default): SELECT 1+1 AS result","timestamp":"2024-01-30T04:14:28.314Z"}
{"level":"info","message":"Executing (default): SELECT TABLE_NAME FROM INFORMATION_SCHEMA.TABLES WHERE TABLE_TYPE = 'BASE TABLE' AND TABLE_NAME = 'alumnos' AND TABLE_SCHEMA = 'utvtapi'","timestamp":"2024-01-30T04:14:28.318Z"}
{"level":"info","message":"Executing (default): SELECT TABLE_NAME FROM INFORMATION_SCHEMA.TABLES WHERE TABLE_TYPE = 'BASE TABLE' AND TABLE_NAME = 'apikey' AND TABLE_SCHEMA = 'utvtapi'","timestamp":"2024-01-30T04:14:28.321Z"}
{"level":"info","message":"Executing (default): SHOW INDEX FROM `alumnos`","timestamp":"2024-01-30T04:14:28.329Z"}
{"level":"info","message":"Executing (default): SHOW INDEX FROM `apikey`","timestamp":"2024-01-30T04:14:28.344Z"}
{"level":"info","message":"Executing (default): SELECT 1+1 AS result","timestamp":"2024-01-30T04:15:17.129Z"}
{"level":"info","message":"Executing (default): SELECT 1+1 AS result","timestamp":"2024-01-30T04:15:17.136Z"}
{"level":"info","message":"Executing (default): SELECT TABLE_NAME FROM INFORMATION_SCHEMA.TABLES WHERE TABLE_TYPE = 'BASE TABLE' AND TABLE_NAME = 'alumnos' AND TABLE_SCHEMA = 'utvtapi'","timestamp":"2024-01-30T04:15:17.139Z"}
{"level":"info","message":"Executing (default): SELECT TABLE_NAME FROM INFORMATION_SCHEMA.TABLES WHERE TABLE_TYPE = 'BASE TABLE' AND TABLE_NAME = 'apikey' AND TABLE_SCHEMA = 'utvtapi'","timestamp":"2024-01-30T04:15:17.144Z"}
{"level":"info","message":"Executing (default): SHOW INDEX FROM `alumnos`","timestamp":"2024-01-30T04:15:17.158Z"}
{"level":"info","message":"Executing (default): SHOW INDEX FROM `apikey`","timestamp":"2024-01-30T04:15:17.166Z"}
{"level":"info","message":"Executing (default): SELECT 1+1 AS result","timestamp":"2024-01-30T04:15:27.648Z"}
{"level":"info","message":"Executing (default): SELECT 1+1 AS result","timestamp":"2024-01-30T04:15:27.655Z"}
{"level":"info","message":"Executing (default): SELECT TABLE_NAME FROM INFORMATION_SCHEMA.TABLES WHERE TABLE_TYPE = 'BASE TABLE' AND TABLE_NAME = 'alumnos' AND TABLE_SCHEMA = 'utvtapi'","timestamp":"2024-01-30T04:15:27.658Z"}
{"level":"info","message":"Executing (default): SELECT TABLE_NAME FROM INFORMATION_SCHEMA.TABLES WHERE TABLE_TYPE = 'BASE TABLE' AND TABLE_NAME = 'apikey' AND TABLE_SCHEMA = 'utvtapi'","timestamp":"2024-01-30T04:15:27.664Z"}
{"level":"info","message":"Executing (default): SHOW INDEX FROM `alumnos`","timestamp":"2024-01-30T04:15:27.675Z"}
{"level":"info","message":"Executing (default): SHOW INDEX FROM `apikey`","timestamp":"2024-01-30T04:15:27.677Z"}
{"level":"info","message":"Executing (default): SELECT 1+1 AS result","timestamp":"2024-01-30T04:15:32.284Z"}
{"level":"info","message":"Executing (default): SELECT 1+1 AS result","timestamp":"2024-01-30T04:15:32.292Z"}
{"level":"info","message":"Executing (default): SELECT TABLE_NAME FROM INFORMATION_SCHEMA.TABLES WHERE TABLE_TYPE = 'BASE TABLE' AND TABLE_NAME = 'alumnos' AND TABLE_SCHEMA = 'utvtapi'","timestamp":"2024-01-30T04:15:32.294Z"}
{"level":"info","message":"Executing (default): SELECT TABLE_NAME FROM INFORMATION_SCHEMA.TABLES WHERE TABLE_TYPE = 'BASE TABLE' AND TABLE_NAME = 'apikey' AND TABLE_SCHEMA = 'utvtapi'","timestamp":"2024-01-30T04:15:32.297Z"}
{"level":"info","message":"Executing (default): SHOW INDEX FROM `alumnos`","timestamp":"2024-01-30T04:15:32.302Z"}
{"level":"info","message":"Executing (default): SHOW INDEX FROM `apikey`","timestamp":"2024-01-30T04:15:32.304Z"}
{"level":"info","message":"Executing (default): SELECT 1+1 AS result","timestamp":"2024-01-30T04:15:39.129Z"}
{"level":"info","message":"Executing (default): SELECT 1+1 AS result","timestamp":"2024-01-30T04:15:39.134Z"}
{"level":"info","message":"Executing (default): SELECT TABLE_NAME FROM INFORMATION_SCHEMA.TABLES WHERE TABLE_TYPE = 'BASE TABLE' AND TABLE_NAME = 'alumnos' AND TABLE_SCHEMA = 'utvtapi'","timestamp":"2024-01-30T04:15:39.136Z"}
{"level":"info","message":"Executing (default): SELECT TABLE_NAME FROM INFORMATION_SCHEMA.TABLES WHERE TABLE_TYPE = 'BASE TABLE' AND TABLE_NAME = 'apikey' AND TABLE_SCHEMA = 'utvtapi'","timestamp":"2024-01-30T04:15:39.138Z"}
{"level":"info","message":"Executing (default): SHOW INDEX FROM `alumnos`","timestamp":"2024-01-30T04:15:39.144Z"}
{"level":"info","message":"Executing (default): SHOW INDEX FROM `apikey`","timestamp":"2024-01-30T04:15:39.145Z"}
{"level":"info","message":"Executing (default): SELECT 1+1 AS result","timestamp":"2024-01-30T04:15:43.927Z"}
{"level":"info","message":"Executing (default): SELECT 1+1 AS result","timestamp":"2024-01-30T04:15:43.932Z"}
{"level":"info","message":"Executing (default): SELECT TABLE_NAME FROM INFORMATION_SCHEMA.TABLES WHERE TABLE_TYPE = 'BASE TABLE' AND TABLE_NAME = 'alumnos' AND TABLE_SCHEMA = 'utvtapi'","timestamp":"2024-01-30T04:15:43.934Z"}
{"level":"info","message":"Executing (default): SELECT TABLE_NAME FROM INFORMATION_SCHEMA.TABLES WHERE TABLE_TYPE = 'BASE TABLE' AND TABLE_NAME = 'apikey' AND TABLE_SCHEMA = 'utvtapi'","timestamp":"2024-01-30T04:15:43.935Z"}
{"level":"info","message":"Executing (default): SHOW INDEX FROM `alumnos`","timestamp":"2024-01-30T04:15:43.938Z"}
{"level":"info","message":"Executing (default): SHOW INDEX FROM `apikey`","timestamp":"2024-01-30T04:15:43.940Z"}
{"level":"info","message":"Executing (default): SELECT 1+1 AS result","timestamp":"2024-01-30T04:16:17.966Z"}
{"level":"info","message":"Executing (default): SELECT 1+1 AS result","timestamp":"2024-01-30T04:16:17.973Z"}
{"level":"info","message":"Executing (default): SELECT TABLE_NAME FROM INFORMATION_SCHEMA.TABLES WHERE TABLE_TYPE = 'BASE TABLE' AND TABLE_NAME = 'alumnos' AND TABLE_SCHEMA = 'utvtapi'","timestamp":"2024-01-30T04:16:17.974Z"}
{"level":"info","message":"Executing (default): SELECT TABLE_NAME FROM INFORMATION_SCHEMA.TABLES WHERE TABLE_TYPE = 'BASE TABLE' AND TABLE_NAME = 'apikey' AND TABLE_SCHEMA = 'utvtapi'","timestamp":"2024-01-30T04:16:17.980Z"}
{"level":"info","message":"Executing (default): SHOW INDEX FROM `alumnos`","timestamp":"2024-01-30T04:16:17.986Z"}
{"level":"info","message":"Executing (default): SHOW INDEX FROM `apikey`","timestamp":"2024-01-30T04:16:17.988Z"}
{"level":"info","message":"Executing (default): SELECT 1+1 AS result","timestamp":"2024-01-30T04:18:06.254Z"}
{"level":"info","message":"Executing (default): SELECT 1+1 AS result","timestamp":"2024-01-30T04:18:06.259Z"}
{"level":"info","message":"Executing (default): SELECT TABLE_NAME FROM INFORMATION_SCHEMA.TABLES WHERE TABLE_TYPE = 'BASE TABLE' AND TABLE_NAME = 'alumnos' AND TABLE_SCHEMA = 'utvtapi'","timestamp":"2024-01-30T04:18:06.261Z"}
{"level":"info","message":"Executing (default): SELECT TABLE_NAME FROM INFORMATION_SCHEMA.TABLES WHERE TABLE_TYPE = 'BASE TABLE' AND TABLE_NAME = 'apikey' AND TABLE_SCHEMA = 'utvtapi'","timestamp":"2024-01-30T04:18:06.263Z"}
{"level":"info","message":"Executing (default): SHOW INDEX FROM `alumnos`","timestamp":"2024-01-30T04:18:06.267Z"}
{"level":"info","message":"Executing (default): SHOW INDEX FROM `apikey`","timestamp":"2024-01-30T04:18:06.268Z"}
{"level":"info","message":"Executing (default): SELECT 1+1 AS result","timestamp":"2024-01-30T04:19:38.320Z"}
{"level":"info","message":"Executing (default): SELECT 1+1 AS result","timestamp":"2024-01-30T04:19:38.331Z"}
{"level":"info","message":"Executing (default): SELECT TABLE_NAME FROM INFORMATION_SCHEMA.TABLES WHERE TABLE_TYPE = 'BASE TABLE' AND TABLE_NAME = 'alumnos' AND TABLE_SCHEMA = 'utvtapi'","timestamp":"2024-01-30T04:19:38.336Z"}
{"level":"info","message":"Executing (default): SELECT TABLE_NAME FROM INFORMATION_SCHEMA.TABLES WHERE TABLE_TYPE = 'BASE TABLE' AND TABLE_NAME = 'apikey' AND TABLE_SCHEMA = 'utvtapi'","timestamp":"2024-01-30T04:19:38.347Z"}
{"level":"info","message":"Executing (default): SHOW INDEX FROM `alumnos`","timestamp":"2024-01-30T04:19:38.371Z"}
{"level":"info","message":"Executing (default): SHOW INDEX FROM `apikey`","timestamp":"2024-01-30T04:19:38.378Z"}
{"level":"info","message":"Executing (default): SELECT 1+1 AS result","timestamp":"2024-01-30T04:24:20.989Z"}
{"level":"info","message":"Executing (default): SELECT 1+1 AS result","timestamp":"2024-01-30T04:24:20.996Z"}
{"level":"info","message":"Executing (default): SELECT TABLE_NAME FROM INFORMATION_SCHEMA.TABLES WHERE TABLE_TYPE = 'BASE TABLE' AND TABLE_NAME = 'alumnos' AND TABLE_SCHEMA = 'utvtapi'","timestamp":"2024-01-30T04:24:20.999Z"}
{"level":"info","message":"Executing (default): SELECT TABLE_NAME FROM INFORMATION_SCHEMA.TABLES WHERE TABLE_TYPE = 'BASE TABLE' AND TABLE_NAME = 'apikey' AND TABLE_SCHEMA = 'utvtapi'","timestamp":"2024-01-30T04:24:21.000Z"}
{"level":"info","message":"Executing (default): SHOW INDEX FROM `alumnos`","timestamp":"2024-01-30T04:24:21.004Z"}
{"level":"info","message":"Executing (default): SHOW INDEX FROM `apikey`","timestamp":"2024-01-30T04:24:21.007Z"}
{"level":"info","message":"Executing (default): SELECT 1+1 AS result","timestamp":"2024-01-30T04:27:26.263Z"}
{"level":"info","message":"Executing (default): SELECT 1+1 AS result","timestamp":"2024-01-30T04:27:26.271Z"}
{"level":"info","message":"Executing (default): SELECT TABLE_NAME FROM INFORMATION_SCHEMA.TABLES WHERE TABLE_TYPE = 'BASE TABLE' AND TABLE_NAME = 'alumnos' AND TABLE_SCHEMA = 'utvtapi'","timestamp":"2024-01-30T04:27:26.274Z"}
{"level":"info","message":"Executing (default): SELECT TABLE_NAME FROM INFORMATION_SCHEMA.TABLES WHERE TABLE_TYPE = 'BASE TABLE' AND TABLE_NAME = 'apikey' AND TABLE_SCHEMA = 'utvtapi'","timestamp":"2024-01-30T04:27:26.279Z"}
{"level":"info","message":"Executing (default): SHOW INDEX FROM `alumnos`","timestamp":"2024-01-30T04:27:26.297Z"}
{"level":"info","message":"Executing (default): SHOW INDEX FROM `apikey`","timestamp":"2024-01-30T04:27:26.299Z"}
{"level":"info","message":"Executing (default): SELECT 1+1 AS result","timestamp":"2024-01-30T04:28:03.510Z"}
{"level":"info","message":"Executing (default): SELECT 1+1 AS result","timestamp":"2024-01-30T04:28:03.516Z"}
{"level":"info","message":"Executing (default): SELECT TABLE_NAME FROM INFORMATION_SCHEMA.TABLES WHERE TABLE_TYPE = 'BASE TABLE' AND TABLE_NAME = 'alumnos' AND TABLE_SCHEMA = 'utvtapi'","timestamp":"2024-01-30T04:28:03.555Z"}
{"level":"info","message":"Executing (default): SELECT TABLE_NAME FROM INFORMATION_SCHEMA.TABLES WHERE TABLE_TYPE = 'BASE TABLE' AND TABLE_NAME = 'apikey' AND TABLE_SCHEMA = 'utvtapi'","timestamp":"2024-01-30T04:28:03.574Z"}
{"level":"info","message":"Executing (default): SHOW INDEX FROM `alumnos`","timestamp":"2024-01-30T04:28:03.590Z"}
{"level":"info","message":"Executing (default): SHOW INDEX FROM `apikey`","timestamp":"2024-01-30T04:28:03.593Z"}
{"level":"info","message":"Executing (default): SELECT 1+1 AS result","timestamp":"2024-01-30T04:28:07.821Z"}
{"level":"info","message":"Executing (default): SELECT 1+1 AS result","timestamp":"2024-01-30T04:28:07.826Z"}
{"level":"info","message":"Executing (default): SELECT TABLE_NAME FROM INFORMATION_SCHEMA.TABLES WHERE TABLE_TYPE = 'BASE TABLE' AND TABLE_NAME = 'alumnos' AND TABLE_SCHEMA = 'utvtapi'","timestamp":"2024-01-30T04:28:07.828Z"}
{"level":"info","message":"Executing (default): SELECT TABLE_NAME FROM INFORMATION_SCHEMA.TABLES WHERE TABLE_TYPE = 'BASE TABLE' AND TABLE_NAME = 'apikey' AND TABLE_SCHEMA = 'utvtapi'","timestamp":"2024-01-30T04:28:07.829Z"}
{"level":"info","message":"Executing (default): SHOW INDEX FROM `alumnos`","timestamp":"2024-01-30T04:28:07.834Z"}
{"level":"info","message":"Executing (default): SHOW INDEX FROM `apikey`","timestamp":"2024-01-30T04:28:07.835Z"}
{"level":"info","message":"Executing (default): SELECT 1+1 AS result","timestamp":"2024-01-30T04:28:34.310Z"}
{"level":"info","message":"Executing (default): SELECT 1+1 AS result","timestamp":"2024-01-30T04:28:34.315Z"}
{"level":"info","message":"Executing (default): SELECT TABLE_NAME FROM INFORMATION_SCHEMA.TABLES WHERE TABLE_TYPE = 'BASE TABLE' AND TABLE_NAME = 'alumnos' AND TABLE_SCHEMA = 'utvtapi'","timestamp":"2024-01-30T04:28:34.317Z"}
{"level":"info","message":"Executing (default): SELECT TABLE_NAME FROM INFORMATION_SCHEMA.TABLES WHERE TABLE_TYPE = 'BASE TABLE' AND TABLE_NAME = 'apikey' AND TABLE_SCHEMA = 'utvtapi'","timestamp":"2024-01-30T04:28:34.318Z"}
{"level":"info","message":"Executing (default): SHOW INDEX FROM `alumnos`","timestamp":"2024-01-30T04:28:34.324Z"}
{"level":"info","message":"Executing (default): SHOW INDEX FROM `apikey`","timestamp":"2024-01-30T04:28:34.325Z"}
{"level":"info","message":"Executing (default): SELECT 1+1 AS result","timestamp":"2024-01-30T04:28:56.735Z"}
{"level":"info","message":"Executing (default): SELECT 1+1 AS result","timestamp":"2024-01-30T04:28:56.740Z"}
{"level":"info","message":"Executing (default): SELECT TABLE_NAME FROM INFORMATION_SCHEMA.TABLES WHERE TABLE_TYPE = 'BASE TABLE' AND TABLE_NAME = 'alumnos' AND TABLE_SCHEMA = 'utvtapi'","timestamp":"2024-01-30T04:28:56.741Z"}
{"level":"info","message":"Executing (default): SELECT TABLE_NAME FROM INFORMATION_SCHEMA.TABLES WHERE TABLE_TYPE = 'BASE TABLE' AND TABLE_NAME = 'apikey' AND TABLE_SCHEMA = 'utvtapi'","timestamp":"2024-01-30T04:28:56.744Z"}
{"level":"info","message":"Executing (default): SHOW INDEX FROM `alumnos`","timestamp":"2024-01-30T04:28:56.748Z"}
{"level":"info","message":"Executing (default): SHOW INDEX FROM `apikey`","timestamp":"2024-01-30T04:28:56.750Z"}
{"level":"info","message":"Executing (default): SELECT 1+1 AS result","timestamp":"2024-01-30T04:29:05.647Z"}
{"level":"info","message":"Executing (default): SELECT 1+1 AS result","timestamp":"2024-01-30T04:29:05.654Z"}
{"level":"info","message":"Executing (default): SELECT TABLE_NAME FROM INFORMATION_SCHEMA.TABLES WHERE TABLE_TYPE = 'BASE TABLE' AND TABLE_NAME = 'alumnos' AND TABLE_SCHEMA = 'utvtapi'","timestamp":"2024-01-30T04:29:05.655Z"}
{"level":"info","message":"Executing (default): SELECT TABLE_NAME FROM INFORMATION_SCHEMA.TABLES WHERE TABLE_TYPE = 'BASE TABLE' AND TABLE_NAME = 'apikey' AND TABLE_SCHEMA = 'utvtapi'","timestamp":"2024-01-30T04:29:05.659Z"}
{"level":"info","message":"Executing (default): SHOW INDEX FROM `alumnos`","timestamp":"2024-01-30T04:29:05.665Z"}
{"level":"info","message":"Executing (default): SHOW INDEX FROM `apikey`","timestamp":"2024-01-30T04:29:05.667Z"}
{"level":"info","message":"Executing (default): SELECT 1+1 AS result","timestamp":"2024-01-30T04:30:01.743Z"}
{"level":"info","message":"Executing (default): SELECT 1+1 AS result","timestamp":"2024-01-30T04:30:01.748Z"}
{"level":"info","message":"Executing (default): SELECT TABLE_NAME FROM INFORMATION_SCHEMA.TABLES WHERE TABLE_TYPE = 'BASE TABLE' AND TABLE_NAME = 'alumnos' AND TABLE_SCHEMA = 'utvtapi'","timestamp":"2024-01-30T04:30:01.752Z"}
{"level":"info","message":"Executing (default): SELECT TABLE_NAME FROM INFORMATION_SCHEMA.TABLES WHERE TABLE_TYPE = 'BASE TABLE' AND TABLE_NAME = 'apikey' AND TABLE_SCHEMA = 'utvtapi'","timestamp":"2024-01-30T04:30:01.754Z"}
{"level":"info","message":"Executing (default): SHOW INDEX FROM `alumnos`","timestamp":"2024-01-30T04:30:01.759Z"}
{"level":"info","message":"Executing (default): SHOW INDEX FROM `apikey`","timestamp":"2024-01-30T04:30:01.762Z"}
{"level":"info","message":"Executing (default): SELECT 1+1 AS result","timestamp":"2024-01-30T04:30:10.406Z"}
{"level":"info","message":"Executing (default): SELECT 1+1 AS result","timestamp":"2024-01-30T04:30:10.410Z"}
{"level":"info","message":"Executing (default): SELECT TABLE_NAME FROM INFORMATION_SCHEMA.TABLES WHERE TABLE_TYPE = 'BASE TABLE' AND TABLE_NAME = 'alumnos' AND TABLE_SCHEMA = 'utvtapi'","timestamp":"2024-01-30T04:30:10.412Z"}
{"level":"info","message":"Executing (default): SELECT TABLE_NAME FROM INFORMATION_SCHEMA.TABLES WHERE TABLE_TYPE = 'BASE TABLE' AND TABLE_NAME = 'apikey' AND TABLE_SCHEMA = 'utvtapi'","timestamp":"2024-01-30T04:30:10.414Z"}
{"level":"info","message":"Executing (default): SHOW INDEX FROM `alumnos`","timestamp":"2024-01-30T04:30:10.417Z"}
{"level":"info","message":"Executing (default): SHOW INDEX FROM `apikey`","timestamp":"2024-01-30T04:30:10.418Z"}
{"level":"info","message":"Executing (default): SELECT 1+1 AS result","timestamp":"2024-01-30T04:30:15.477Z"}
{"level":"info","message":"Executing (default): SELECT 1+1 AS result","timestamp":"2024-01-30T04:30:15.488Z"}
{"level":"info","message":"Executing (default): SELECT TABLE_NAME FROM INFORMATION_SCHEMA.TABLES WHERE TABLE_TYPE = 'BASE TABLE' AND TABLE_NAME = 'alumnos' AND TABLE_SCHEMA = 'utvtapi'","timestamp":"2024-01-30T04:30:15.491Z"}
{"level":"info","message":"Executing (default): SELECT TABLE_NAME FROM INFORMATION_SCHEMA.TABLES WHERE TABLE_TYPE = 'BASE TABLE' AND TABLE_NAME = 'apikey' AND TABLE_SCHEMA = 'utvtapi'","timestamp":"2024-01-30T04:30:15.518Z"}
{"level":"info","message":"Executing (default): SHOW INDEX FROM `alumnos`","timestamp":"2024-01-30T04:30:15.536Z"}
{"level":"info","message":"Executing (default): SHOW INDEX FROM `apikey`","timestamp":"2024-01-30T04:30:15.558Z"}
{"level":"info","message":"Executing (default): SELECT 1+1 AS result","timestamp":"2024-01-30T04:30:18.074Z"}
{"level":"info","message":"Executing (default): SELECT 1+1 AS result","timestamp":"2024-01-30T04:30:18.079Z"}
{"level":"info","message":"Executing (default): SELECT TABLE_NAME FROM INFORMATION_SCHEMA.TABLES WHERE TABLE_TYPE = 'BASE TABLE' AND TABLE_NAME = 'alumnos' AND TABLE_SCHEMA = 'utvtapi'","timestamp":"2024-01-30T04:30:18.081Z"}
{"level":"info","message":"Executing (default): SELECT TABLE_NAME FROM INFORMATION_SCHEMA.TABLES WHERE TABLE_TYPE = 'BASE TABLE' AND TABLE_NAME = 'apikey' AND TABLE_SCHEMA = 'utvtapi'","timestamp":"2024-01-30T04:30:18.083Z"}
{"level":"info","message":"Executing (default): SHOW INDEX FROM `alumnos`","timestamp":"2024-01-30T04:30:18.087Z"}
{"level":"info","message":"Executing (default): SHOW INDEX FROM `apikey`","timestamp":"2024-01-30T04:30:18.089Z"}
{"level":"info","message":"Executing (default): SELECT 1+1 AS result","timestamp":"2024-01-30T04:30:26.521Z"}
{"level":"info","message":"Executing (default): SELECT 1+1 AS result","timestamp":"2024-01-30T04:30:26.526Z"}
{"level":"info","message":"Executing (default): SELECT TABLE_NAME FROM INFORMATION_SCHEMA.TABLES WHERE TABLE_TYPE = 'BASE TABLE' AND TABLE_NAME = 'alumnos' AND TABLE_SCHEMA = 'utvtapi'","timestamp":"2024-01-30T04:30:26.528Z"}
{"level":"info","message":"Executing (default): SELECT TABLE_NAME FROM INFORMATION_SCHEMA.TABLES WHERE TABLE_TYPE = 'BASE TABLE' AND TABLE_NAME = 'apikey' AND TABLE_SCHEMA = 'utvtapi'","timestamp":"2024-01-30T04:30:26.530Z"}
{"level":"info","message":"Executing (default): SHOW INDEX FROM `alumnos`","timestamp":"2024-01-30T04:30:26.533Z"}
{"level":"info","message":"Executing (default): SHOW INDEX FROM `apikey`","timestamp":"2024-01-30T04:30:26.535Z"}
{"level":"info","message":"Executing (default): SELECT 1+1 AS result","timestamp":"2024-01-30T04:30:46.807Z"}
{"level":"info","message":"Executing (default): SELECT 1+1 AS result","timestamp":"2024-01-30T04:30:46.814Z"}
{"level":"info","message":"Executing (default): SELECT TABLE_NAME FROM INFORMATION_SCHEMA.TABLES WHERE TABLE_TYPE = 'BASE TABLE' AND TABLE_NAME = 'alumnos' AND TABLE_SCHEMA = 'utvtapi'","timestamp":"2024-01-30T04:30:46.818Z"}
{"level":"info","message":"Executing (default): SELECT TABLE_NAME FROM INFORMATION_SCHEMA.TABLES WHERE TABLE_TYPE = 'BASE TABLE' AND TABLE_NAME = 'apikey' AND TABLE_SCHEMA = 'utvtapi'","timestamp":"2024-01-30T04:30:46.821Z"}
{"level":"info","message":"Executing (default): SHOW INDEX FROM `alumnos`","timestamp":"2024-01-30T04:30:46.827Z"}
{"level":"info","message":"Executing (default): SHOW INDEX FROM `apikey`","timestamp":"2024-01-30T04:30:46.829Z"}
{"level":"info","message":"Executing (default): SELECT 1+1 AS result","timestamp":"2024-01-30T04:31:10.056Z"}
{"level":"info","message":"Executing (default): SELECT 1+1 AS result","timestamp":"2024-01-30T04:31:10.060Z"}
{"level":"info","message":"Executing (default): SELECT TABLE_NAME FROM INFORMATION_SCHEMA.TABLES WHERE TABLE_TYPE = 'BASE TABLE' AND TABLE_NAME = 'alumnos' AND TABLE_SCHEMA = 'utvtapi'","timestamp":"2024-01-30T04:31:10.062Z"}
{"level":"info","message":"Executing (default): SELECT TABLE_NAME FROM INFORMATION_SCHEMA.TABLES WHERE TABLE_TYPE = 'BASE TABLE' AND TABLE_NAME = 'apikey' AND TABLE_SCHEMA = 'utvtapi'","timestamp":"2024-01-30T04:31:10.064Z"}
{"level":"info","message":"Executing (default): SHOW INDEX FROM `alumnos`","timestamp":"2024-01-30T04:31:10.067Z"}
{"level":"info","message":"Executing (default): SHOW INDEX FROM `apikey`","timestamp":"2024-01-30T04:31:10.068Z"}
{"level":"info","message":"Executing (default): SELECT 1+1 AS result","timestamp":"2024-01-30T04:31:25.273Z"}
{"level":"info","message":"Executing (default): SELECT 1+1 AS result","timestamp":"2024-01-30T04:31:25.279Z"}
{"level":"info","message":"Executing (default): SELECT TABLE_NAME FROM INFORMATION_SCHEMA.TABLES WHERE TABLE_TYPE = 'BASE TABLE' AND TABLE_NAME = 'alumnos' AND TABLE_SCHEMA = 'utvtapi'","timestamp":"2024-01-30T04:31:25.283Z"}
{"level":"info","message":"Executing (default): SELECT TABLE_NAME FROM INFORMATION_SCHEMA.TABLES WHERE TABLE_TYPE = 'BASE TABLE' AND TABLE_NAME = 'apikey' AND TABLE_SCHEMA = 'utvtapi'","timestamp":"2024-01-30T04:31:25.285Z"}
{"level":"info","message":"Executing (default): SHOW INDEX FROM `alumnos`","timestamp":"2024-01-30T04:31:25.290Z"}
{"level":"info","message":"Executing (default): SHOW INDEX FROM `apikey`","timestamp":"2024-01-30T04:31:25.292Z"}
{"level":"info","message":"Executing (default): SELECT 1+1 AS result","timestamp":"2024-01-30T04:32:42.995Z"}
{"level":"info","message":"Executing (default): SELECT 1+1 AS result","timestamp":"2024-01-30T04:32:43.003Z"}
{"level":"info","message":"Executing (default): SELECT TABLE_NAME FROM INFORMATION_SCHEMA.TABLES WHERE TABLE_TYPE = 'BASE TABLE' AND TABLE_NAME = 'alumnos' AND TABLE_SCHEMA = 'utvtapi'","timestamp":"2024-01-30T04:32:43.006Z"}
{"level":"info","message":"Executing (default): SELECT TABLE_NAME FROM INFORMATION_SCHEMA.TABLES WHERE TABLE_TYPE = 'BASE TABLE' AND TABLE_NAME = 'apikey' AND TABLE_SCHEMA = 'utvtapi'","timestamp":"2024-01-30T04:32:43.023Z"}
{"level":"info","message":"Executing (default): SHOW INDEX FROM `alumnos`","timestamp":"2024-01-30T04:32:43.029Z"}
{"level":"info","message":"Executing (default): SHOW INDEX FROM `apikey`","timestamp":"2024-01-30T04:32:43.031Z"}
{"level":"info","message":"Executing (default): SELECT 1+1 AS result","timestamp":"2024-01-30T04:33:17.588Z"}
{"level":"info","message":"Executing (default): SELECT 1+1 AS result","timestamp":"2024-01-30T04:33:17.594Z"}
{"level":"info","message":"Executing (default): SELECT TABLE_NAME FROM INFORMATION_SCHEMA.TABLES WHERE TABLE_TYPE = 'BASE TABLE' AND TABLE_NAME = 'alumnos' AND TABLE_SCHEMA = 'utvtapi'","timestamp":"2024-01-30T04:33:17.597Z"}
{"level":"info","message":"Executing (default): SELECT TABLE_NAME FROM INFORMATION_SCHEMA.TABLES WHERE TABLE_TYPE = 'BASE TABLE' AND TABLE_NAME = 'apikey' AND TABLE_SCHEMA = 'utvtapi'","timestamp":"2024-01-30T04:33:17.601Z"}
{"level":"info","message":"Executing (default): SHOW INDEX FROM `alumnos`","timestamp":"2024-01-30T04:33:17.606Z"}
{"level":"info","message":"Executing (default): SHOW INDEX FROM `apikey`","timestamp":"2024-01-30T04:33:17.608Z"}
{"level":"info","message":"Executing (default): SELECT 1+1 AS result","timestamp":"2024-01-30T04:33:28.598Z"}
{"level":"info","message":"Executing (default): SELECT 1+1 AS result","timestamp":"2024-01-30T04:33:28.605Z"}
{"level":"info","message":"Executing (default): SELECT TABLE_NAME FROM INFORMATION_SCHEMA.TABLES WHERE TABLE_TYPE = 'BASE TABLE' AND TABLE_NAME = 'alumnos' AND TABLE_SCHEMA = 'utvtapi'","timestamp":"2024-01-30T04:33:28.609Z"}
{"level":"info","message":"Executing (default): SELECT TABLE_NAME FROM INFORMATION_SCHEMA.TABLES WHERE TABLE_TYPE = 'BASE TABLE' AND TABLE_NAME = 'apikey' AND TABLE_SCHEMA = 'utvtapi'","timestamp":"2024-01-30T04:33:28.617Z"}
{"level":"info","message":"Executing (default): SHOW INDEX FROM `alumnos`","timestamp":"2024-01-30T04:33:28.622Z"}
{"level":"info","message":"Executing (default): SHOW INDEX FROM `apikey`","timestamp":"2024-01-30T04:33:28.626Z"}
{"level":"info","message":"Executing (default): SELECT 1+1 AS result","timestamp":"2024-01-30T04:34:11.224Z"}
{"level":"info","message":"Executing (default): SELECT 1+1 AS result","timestamp":"2024-01-30T04:34:11.231Z"}
{"level":"info","message":"Executing (default): SELECT TABLE_NAME FROM INFORMATION_SCHEMA.TABLES WHERE TABLE_TYPE = 'BASE TABLE' AND TABLE_NAME = 'alumnos' AND TABLE_SCHEMA = 'utvtapi'","timestamp":"2024-01-30T04:34:11.234Z"}
{"level":"info","message":"Executing (default): SELECT TABLE_NAME FROM INFORMATION_SCHEMA.TABLES WHERE TABLE_TYPE = 'BASE TABLE' AND TABLE_NAME = 'apikey' AND TABLE_SCHEMA = 'utvtapi'","timestamp":"2024-01-30T04:34:11.237Z"}
{"level":"info","message":"Executing (default): SHOW INDEX FROM `alumnos`","timestamp":"2024-01-30T04:34:11.242Z"}
{"level":"info","message":"Executing (default): SHOW INDEX FROM `apikey`","timestamp":"2024-01-30T04:34:11.244Z"}
{"level":"info","message":"Executing (default): SELECT 1+1 AS result","timestamp":"2024-01-30T04:34:17.260Z"}
{"level":"info","message":"Executing (default): SELECT 1+1 AS result","timestamp":"2024-01-30T04:34:17.269Z"}
{"level":"info","message":"Executing (default): SELECT TABLE_NAME FROM INFORMATION_SCHEMA.TABLES WHERE TABLE_TYPE = 'BASE TABLE' AND TABLE_NAME = 'alumnos' AND TABLE_SCHEMA = 'utvtapi'","timestamp":"2024-01-30T04:34:17.280Z"}
{"level":"info","message":"Executing (default): SELECT TABLE_NAME FROM INFORMATION_SCHEMA.TABLES WHERE TABLE_TYPE = 'BASE TABLE' AND TABLE_NAME = 'apikey' AND TABLE_SCHEMA = 'utvtapi'","timestamp":"2024-01-30T04:34:17.288Z"}
{"level":"info","message":"Executing (default): SHOW INDEX FROM `alumnos`","timestamp":"2024-01-30T04:34:17.293Z"}
{"level":"info","message":"Executing (default): SHOW INDEX FROM `apikey`","timestamp":"2024-01-30T04:34:17.307Z"}
{"level":"info","message":"Executing (default): SELECT 1+1 AS result","timestamp":"2024-01-30T04:34:22.216Z"}
{"level":"info","message":"Executing (default): SELECT 1+1 AS result","timestamp":"2024-01-30T04:34:22.221Z"}
{"level":"info","message":"Executing (default): SELECT TABLE_NAME FROM INFORMATION_SCHEMA.TABLES WHERE TABLE_TYPE = 'BASE TABLE' AND TABLE_NAME = 'alumnos' AND TABLE_SCHEMA = 'utvtapi'","timestamp":"2024-01-30T04:34:22.224Z"}
{"level":"info","message":"Executing (default): SELECT TABLE_NAME FROM INFORMATION_SCHEMA.TABLES WHERE TABLE_TYPE = 'BASE TABLE' AND TABLE_NAME = 'apikey' AND TABLE_SCHEMA = 'utvtapi'","timestamp":"2024-01-30T04:34:22.226Z"}
{"level":"info","message":"Executing (default): SHOW INDEX FROM `alumnos`","timestamp":"2024-01-30T04:34:22.230Z"}
{"level":"info","message":"Executing (default): SHOW INDEX FROM `apikey`","timestamp":"2024-01-30T04:34:22.232Z"}
{"level":"info","message":"Executing (default): SELECT 1+1 AS result","timestamp":"2024-01-30T04:34:35.364Z"}
{"level":"info","message":"Executing (default): SELECT 1+1 AS result","timestamp":"2024-01-30T04:34:35.372Z"}
{"level":"info","message":"Executing (default): SELECT TABLE_NAME FROM INFORMATION_SCHEMA.TABLES WHERE TABLE_TYPE = 'BASE TABLE' AND TABLE_NAME = 'alumnos' AND TABLE_SCHEMA = 'utvtapi'","timestamp":"2024-01-30T04:34:35.376Z"}
{"level":"info","message":"Executing (default): SELECT TABLE_NAME FROM INFORMATION_SCHEMA.TABLES WHERE TABLE_TYPE = 'BASE TABLE' AND TABLE_NAME = 'apikey' AND TABLE_SCHEMA = 'utvtapi'","timestamp":"2024-01-30T04:34:35.429Z"}
{"level":"info","message":"Executing (default): SHOW INDEX FROM `alumnos`","timestamp":"2024-01-30T04:34:35.461Z"}
{"level":"info","message":"Executing (default): SHOW INDEX FROM `apikey`","timestamp":"2024-01-30T04:34:35.469Z"}
{"level":"info","message":"Executing (default): SELECT 1+1 AS result","timestamp":"2024-01-30T04:34:37.812Z"}
{"level":"info","message":"Executing (default): SELECT 1+1 AS result","timestamp":"2024-01-30T04:34:37.819Z"}
{"level":"info","message":"Executing (default): SELECT TABLE_NAME FROM INFORMATION_SCHEMA.TABLES WHERE TABLE_TYPE = 'BASE TABLE' AND TABLE_NAME = 'alumnos' AND TABLE_SCHEMA = 'utvtapi'","timestamp":"2024-01-30T04:34:37.821Z"}
{"level":"info","message":"Executing (default): SELECT TABLE_NAME FROM INFORMATION_SCHEMA.TABLES WHERE TABLE_TYPE = 'BASE TABLE' AND TABLE_NAME = 'apikey' AND TABLE_SCHEMA = 'utvtapi'","timestamp":"2024-01-30T04:34:37.822Z"}
{"level":"info","message":"Executing (default): SHOW INDEX FROM `alumnos`","timestamp":"2024-01-30T04:34:37.826Z"}
{"level":"info","message":"Executing (default): SHOW INDEX FROM `apikey`","timestamp":"2024-01-30T04:34:37.827Z"}
{"level":"info","message":"Executing (default): SELECT 1+1 AS result","timestamp":"2024-01-30T04:35:19.255Z"}
{"level":"info","message":"Executing (default): SELECT 1+1 AS result","timestamp":"2024-01-30T04:35:19.260Z"}
{"level":"info","message":"Executing (default): SELECT TABLE_NAME FROM INFORMATION_SCHEMA.TABLES WHERE TABLE_TYPE = 'BASE TABLE' AND TABLE_NAME = 'alumnos' AND TABLE_SCHEMA = 'utvtapi'","timestamp":"2024-01-30T04:35:19.262Z"}
{"level":"info","message":"Executing (default): SELECT TABLE_NAME FROM INFORMATION_SCHEMA.TABLES WHERE TABLE_TYPE = 'BASE TABLE' AND TABLE_NAME = 'apikey' AND TABLE_SCHEMA = 'utvtapi'","timestamp":"2024-01-30T04:35:19.264Z"}
{"level":"info","message":"Executing (default): SHOW INDEX FROM `alumnos`","timestamp":"2024-01-30T04:35:19.268Z"}
{"level":"info","message":"Executing (default): SHOW INDEX FROM `apikey`","timestamp":"2024-01-30T04:35:19.269Z"}
{"level":"info","message":"Executing (default): SELECT 1+1 AS result","timestamp":"2024-01-30T04:35:34.928Z"}
{"level":"info","message":"Executing (default): SELECT 1+1 AS result","timestamp":"2024-01-30T04:35:34.932Z"}
{"level":"info","message":"Executing (default): SELECT TABLE_NAME FROM INFORMATION_SCHEMA.TABLES WHERE TABLE_TYPE = 'BASE TABLE' AND TABLE_NAME = 'alumnos' AND TABLE_SCHEMA = 'utvtapi'","timestamp":"2024-01-30T04:35:34.934Z"}
{"level":"info","message":"Executing (default): SELECT TABLE_NAME FROM INFORMATION_SCHEMA.TABLES WHERE TABLE_TYPE = 'BASE TABLE' AND TABLE_NAME = 'apikey' AND TABLE_SCHEMA = 'utvtapi'","timestamp":"2024-01-30T04:35:34.936Z"}
{"level":"info","message":"Executing (default): SHOW INDEX FROM `alumnos`","timestamp":"2024-01-30T04:35:34.939Z"}
{"level":"info","message":"Executing (default): SHOW INDEX FROM `apikey`","timestamp":"2024-01-30T04:35:34.940Z"}
{"level":"info","message":"Executing (default): SELECT 1+1 AS result","timestamp":"2024-01-30T04:36:10.116Z"}
{"level":"info","message":"Executing (default): SELECT 1+1 AS result","timestamp":"2024-01-30T04:36:10.126Z"}
{"level":"info","message":"Executing (default): SELECT TABLE_NAME FROM INFORMATION_SCHEMA.TABLES WHERE TABLE_TYPE = 'BASE TABLE' AND TABLE_NAME = 'alumnos' AND TABLE_SCHEMA = 'utvtapi'","timestamp":"2024-01-30T04:36:10.131Z"}
{"level":"info","message":"Executing (default): SELECT TABLE_NAME FROM INFORMATION_SCHEMA.TABLES WHERE TABLE_TYPE = 'BASE TABLE' AND TABLE_NAME = 'apikey' AND TABLE_SCHEMA = 'utvtapi'","timestamp":"2024-01-30T04:36:10.136Z"}
{"level":"info","message":"Executing (default): SHOW INDEX FROM `alumnos`","timestamp":"2024-01-30T04:36:10.140Z"}
{"level":"info","message":"Executing (default): SHOW INDEX FROM `apikey`","timestamp":"2024-01-30T04:36:10.142Z"}
{"level":"info","message":"Executing (default): SELECT 1+1 AS result","timestamp":"2024-01-30T04:36:16.827Z"}
{"level":"info","message":"Executing (default): SELECT 1+1 AS result","timestamp":"2024-01-30T04:36:16.836Z"}
{"level":"info","message":"Executing (default): SELECT TABLE_NAME FROM INFORMATION_SCHEMA.TABLES WHERE TABLE_TYPE = 'BASE TABLE' AND TABLE_NAME = 'alumnos' AND TABLE_SCHEMA = 'utvtapi'","timestamp":"2024-01-30T04:36:16.838Z"}
{"level":"info","message":"Executing (default): SELECT TABLE_NAME FROM INFORMATION_SCHEMA.TABLES WHERE TABLE_TYPE = 'BASE TABLE' AND TABLE_NAME = 'apikey' AND TABLE_SCHEMA = 'utvtapi'","timestamp":"2024-01-30T04:36:16.842Z"}
{"level":"info","message":"Executing (default): SHOW INDEX FROM `alumnos`","timestamp":"2024-01-30T04:36:16.846Z"}
{"level":"info","message":"Executing (default): SHOW INDEX FROM `apikey`","timestamp":"2024-01-30T04:36:16.849Z"}
{"level":"info","message":"Executing (default): SELECT 1+1 AS result","timestamp":"2024-01-30T04:36:25.907Z"}
{"level":"info","message":"Executing (default): SELECT 1+1 AS result","timestamp":"2024-01-30T04:36:25.914Z"}
{"level":"info","message":"Executing (default): SELECT TABLE_NAME FROM INFORMATION_SCHEMA.TABLES WHERE TABLE_TYPE = 'BASE TABLE' AND TABLE_NAME = 'alumnos' AND TABLE_SCHEMA = 'utvtapi'","timestamp":"2024-01-30T04:36:25.918Z"}
{"level":"info","message":"Executing (default): SELECT TABLE_NAME FROM INFORMATION_SCHEMA.TABLES WHERE TABLE_TYPE = 'BASE TABLE' AND TABLE_NAME = 'apikey' AND TABLE_SCHEMA = 'utvtapi'","timestamp":"2024-01-30T04:36:25.929Z"}
{"level":"info","message":"Executing (default): SHOW INDEX FROM `alumnos`","timestamp":"2024-01-30T04:36:25.938Z"}
{"level":"info","message":"Executing (default): SHOW INDEX FROM `apikey`","timestamp":"2024-01-30T04:36:25.940Z"}
{"level":"info","message":"Executing (default): SELECT 1+1 AS result","timestamp":"2024-01-30T04:36:27.856Z"}
{"level":"info","message":"Executing (default): SELECT 1+1 AS result","timestamp":"2024-01-30T04:36:27.860Z"}
{"level":"info","message":"Executing (default): SELECT TABLE_NAME FROM INFORMATION_SCHEMA.TABLES WHERE TABLE_TYPE = 'BASE TABLE' AND TABLE_NAME = 'alumnos' AND TABLE_SCHEMA = 'utvtapi'","timestamp":"2024-01-30T04:36:27.861Z"}
{"level":"info","message":"Executing (default): SELECT TABLE_NAME FROM INFORMATION_SCHEMA.TABLES WHERE TABLE_TYPE = 'BASE TABLE' AND TABLE_NAME = 'apikey' AND TABLE_SCHEMA = 'utvtapi'","timestamp":"2024-01-30T04:36:27.863Z"}
{"level":"info","message":"Executing (default): SHOW INDEX FROM `alumnos`","timestamp":"2024-01-30T04:36:27.867Z"}
{"level":"info","message":"Executing (default): SHOW INDEX FROM `apikey`","timestamp":"2024-01-30T04:36:27.868Z"}
{"level":"info","message":"Executing (default): SELECT 1+1 AS result","timestamp":"2024-01-30T04:37:24.424Z"}
{"level":"info","message":"Executing (default): SELECT 1+1 AS result","timestamp":"2024-01-30T04:37:24.428Z"}
{"level":"info","message":"Executing (default): SELECT TABLE_NAME FROM INFORMATION_SCHEMA.TABLES WHERE TABLE_TYPE = 'BASE TABLE' AND TABLE_NAME = 'alumnos' AND TABLE_SCHEMA = 'utvtapi'","timestamp":"2024-01-30T04:37:24.431Z"}
{"level":"info","message":"Executing (default): SELECT TABLE_NAME FROM INFORMATION_SCHEMA.TABLES WHERE TABLE_TYPE = 'BASE TABLE' AND TABLE_NAME = 'apikey' AND TABLE_SCHEMA = 'utvtapi'","timestamp":"2024-01-30T04:37:24.432Z"}
{"level":"info","message":"Executing (default): SHOW INDEX FROM `alumnos`","timestamp":"2024-01-30T04:37:24.436Z"}
{"level":"info","message":"Executing (default): SHOW INDEX FROM `apikey`","timestamp":"2024-01-30T04:37:24.438Z"}
{"level":"info","message":"Executing (default): SELECT 1+1 AS result","timestamp":"2024-01-30T04:38:02.211Z"}
{"level":"info","message":"Executing (default): SELECT 1+1 AS result","timestamp":"2024-01-30T04:38:02.220Z"}
{"level":"info","message":"Executing (default): SELECT TABLE_NAME FROM INFORMATION_SCHEMA.TABLES WHERE TABLE_TYPE = 'BASE TABLE' AND TABLE_NAME = 'alumnos' AND TABLE_SCHEMA = 'utvtapi'","timestamp":"2024-01-30T04:38:02.221Z"}
{"level":"info","message":"Executing (default): SELECT TABLE_NAME FROM INFORMATION_SCHEMA.TABLES WHERE TABLE_TYPE = 'BASE TABLE' AND TABLE_NAME = 'apikey' AND TABLE_SCHEMA = 'utvtapi'","timestamp":"2024-01-30T04:38:02.224Z"}
{"level":"info","message":"Executing (default): SHOW INDEX FROM `alumnos`","timestamp":"2024-01-30T04:38:02.230Z"}
{"level":"info","message":"Executing (default): SHOW INDEX FROM `apikey`","timestamp":"2024-01-30T04:38:02.232Z"}
{"level":"info","message":"Executing (default): SELECT 1+1 AS result","timestamp":"2024-01-30T04:38:04.587Z"}
{"level":"info","message":"Executing (default): SELECT 1+1 AS result","timestamp":"2024-01-30T04:38:04.591Z"}
{"level":"info","message":"Executing (default): SELECT TABLE_NAME FROM INFORMATION_SCHEMA.TABLES WHERE TABLE_TYPE = 'BASE TABLE' AND TABLE_NAME = 'alumnos' AND TABLE_SCHEMA = 'utvtapi'","timestamp":"2024-01-30T04:38:04.594Z"}
{"level":"info","message":"Executing (default): SELECT TABLE_NAME FROM INFORMATION_SCHEMA.TABLES WHERE TABLE_TYPE = 'BASE TABLE' AND TABLE_NAME = 'apikey' AND TABLE_SCHEMA = 'utvtapi'","timestamp":"2024-01-30T04:38:04.595Z"}
{"level":"info","message":"Executing (default): SHOW INDEX FROM `alumnos`","timestamp":"2024-01-30T04:38:04.599Z"}
{"level":"info","message":"Executing (default): SHOW INDEX FROM `apikey`","timestamp":"2024-01-30T04:38:04.600Z"}
{"level":"info","message":"Executing (default): SELECT 1+1 AS result","timestamp":"2024-01-30T04:38:20.407Z"}
{"level":"info","message":"Executing (default): SELECT 1+1 AS result","timestamp":"2024-01-30T04:38:20.416Z"}
{"level":"info","message":"Executing (default): SELECT TABLE_NAME FROM INFORMATION_SCHEMA.TABLES WHERE TABLE_TYPE = 'BASE TABLE' AND TABLE_NAME = 'alumnos' AND TABLE_SCHEMA = 'utvtapi'","timestamp":"2024-01-30T04:38:20.418Z"}
{"level":"info","message":"Executing (default): SELECT TABLE_NAME FROM INFORMATION_SCHEMA.TABLES WHERE TABLE_TYPE = 'BASE TABLE' AND TABLE_NAME = 'apikey' AND TABLE_SCHEMA = 'utvtapi'","timestamp":"2024-01-30T04:38:20.420Z"}
{"level":"info","message":"Executing (default): SHOW INDEX FROM `alumnos`","timestamp":"2024-01-30T04:38:20.423Z"}
{"level":"info","message":"Executing (default): SHOW INDEX FROM `apikey`","timestamp":"2024-01-30T04:38:20.425Z"}
{"level":"info","message":"Executing (default): SELECT 1+1 AS result","timestamp":"2024-01-30T04:38:28.725Z"}
{"level":"info","message":"Executing (default): SELECT 1+1 AS result","timestamp":"2024-01-30T04:38:28.729Z"}
{"level":"info","message":"Executing (default): SELECT TABLE_NAME FROM INFORMATION_SCHEMA.TABLES WHERE TABLE_TYPE = 'BASE TABLE' AND TABLE_NAME = 'alumnos' AND TABLE_SCHEMA = 'utvtapi'","timestamp":"2024-01-30T04:38:28.731Z"}
{"level":"info","message":"Executing (default): SELECT TABLE_NAME FROM INFORMATION_SCHEMA.TABLES WHERE TABLE_TYPE = 'BASE TABLE' AND TABLE_NAME = 'apikey' AND TABLE_SCHEMA = 'utvtapi'","timestamp":"2024-01-30T04:38:28.733Z"}
{"level":"info","message":"Executing (default): SHOW INDEX FROM `alumnos`","timestamp":"2024-01-30T04:38:28.737Z"}
{"level":"info","message":"Executing (default): SHOW INDEX FROM `apikey`","timestamp":"2024-01-30T04:38:28.739Z"}
{"level":"info","message":"Executing (default): SELECT 1+1 AS result","timestamp":"2024-01-30T04:39:30.138Z"}
{"level":"info","message":"Executing (default): SELECT 1+1 AS result","timestamp":"2024-01-30T04:39:30.148Z"}
{"level":"info","message":"Executing (default): SELECT TABLE_NAME FROM INFORMATION_SCHEMA.TABLES WHERE TABLE_TYPE = 'BASE TABLE' AND TABLE_NAME = 'alumnos' AND TABLE_SCHEMA = 'utvtapi'","timestamp":"2024-01-30T04:39:30.150Z"}
{"level":"info","message":"Executing (default): SELECT TABLE_NAME FROM INFORMATION_SCHEMA.TABLES WHERE TABLE_TYPE = 'BASE TABLE' AND TABLE_NAME = 'apikey' AND TABLE_SCHEMA = 'utvtapi'","timestamp":"2024-01-30T04:39:30.156Z"}
{"level":"info","message":"Executing (default): SHOW INDEX FROM `alumnos`","timestamp":"2024-01-30T04:39:30.164Z"}
{"level":"info","message":"Executing (default): SHOW INDEX FROM `apikey`","timestamp":"2024-01-30T04:39:30.166Z"}
{"level":"info","message":"Executing (default): SELECT 1+1 AS result","timestamp":"2024-01-30T04:39:51.987Z"}
{"level":"info","message":"Executing (default): SELECT 1+1 AS result","timestamp":"2024-01-30T04:39:51.995Z"}
{"level":"info","message":"Executing (default): SELECT TABLE_NAME FROM INFORMATION_SCHEMA.TABLES WHERE TABLE_TYPE = 'BASE TABLE' AND TABLE_NAME = 'alumnos' AND TABLE_SCHEMA = 'utvtapi'","timestamp":"2024-01-30T04:39:51.998Z"}
{"level":"info","message":"Executing (default): SELECT TABLE_NAME FROM INFORMATION_SCHEMA.TABLES WHERE TABLE_TYPE = 'BASE TABLE' AND TABLE_NAME = 'apikey' AND TABLE_SCHEMA = 'utvtapi'","timestamp":"2024-01-30T04:39:52.001Z"}
{"level":"info","message":"Executing (default): SHOW INDEX FROM `apikey`","timestamp":"2024-01-30T04:39:52.006Z"}
{"level":"info","message":"Executing (default): SHOW INDEX FROM `alumnos`","timestamp":"2024-01-30T04:39:52.010Z"}
{"level":"info","message":"Executing (default): SELECT 1+1 AS result","timestamp":"2024-01-30T04:39:54.540Z"}
{"level":"info","message":"Executing (default): SELECT 1+1 AS result","timestamp":"2024-01-30T04:39:54.546Z"}
{"level":"info","message":"Executing (default): SELECT TABLE_NAME FROM INFORMATION_SCHEMA.TABLES WHERE TABLE_TYPE = 'BASE TABLE' AND TABLE_NAME = 'alumnos' AND TABLE_SCHEMA = 'utvtapi'","timestamp":"2024-01-30T04:39:54.548Z"}
{"level":"info","message":"Executing (default): SELECT TABLE_NAME FROM INFORMATION_SCHEMA.TABLES WHERE TABLE_TYPE = 'BASE TABLE' AND TABLE_NAME = 'apikey' AND TABLE_SCHEMA = 'utvtapi'","timestamp":"2024-01-30T04:39:54.552Z"}
{"level":"info","message":"Executing (default): SHOW INDEX FROM `apikey`","timestamp":"2024-01-30T04:39:54.627Z"}
{"level":"info","message":"Executing (default): SHOW INDEX FROM `alumnos`","timestamp":"2024-01-30T04:39:54.703Z"}
{"level":"info","message":"Executing (default): SELECT 1+1 AS result","timestamp":"2024-01-30T04:40:46.632Z"}
{"level":"info","message":"Executing (default): SELECT 1+1 AS result","timestamp":"2024-01-30T04:40:46.645Z"}
{"level":"info","message":"Executing (default): SELECT TABLE_NAME FROM INFORMATION_SCHEMA.TABLES WHERE TABLE_TYPE = 'BASE TABLE' AND TABLE_NAME = 'alumnos' AND TABLE_SCHEMA = 'utvtapi'","timestamp":"2024-01-30T04:40:46.658Z"}
{"level":"info","message":"Executing (default): SELECT TABLE_NAME FROM INFORMATION_SCHEMA.TABLES WHERE TABLE_TYPE = 'BASE TABLE' AND TABLE_NAME = 'apikey' AND TABLE_SCHEMA = 'utvtapi'","timestamp":"2024-01-30T04:40:46.675Z"}
{"level":"info","message":"Executing (default): SHOW INDEX FROM `alumnos`","timestamp":"2024-01-30T04:40:46.716Z"}
{"level":"info","message":"Executing (default): SHOW INDEX FROM `apikey`","timestamp":"2024-01-30T04:40:46.723Z"}
{"level":"info","message":"Executing (default): SELECT 1+1 AS result","timestamp":"2024-01-30T04:41:09.975Z"}
{"level":"info","message":"Executing (default): SELECT 1+1 AS result","timestamp":"2024-01-30T04:41:09.980Z"}
{"level":"info","message":"Executing (default): SELECT TABLE_NAME FROM INFORMATION_SCHEMA.TABLES WHERE TABLE_TYPE = 'BASE TABLE' AND TABLE_NAME = 'alumnos' AND TABLE_SCHEMA = 'utvtapi'","timestamp":"2024-01-30T04:41:09.982Z"}
{"level":"info","message":"Executing (default): SELECT TABLE_NAME FROM INFORMATION_SCHEMA.TABLES WHERE TABLE_TYPE = 'BASE TABLE' AND TABLE_NAME = 'apikey' AND TABLE_SCHEMA = 'utvtapi'","timestamp":"2024-01-30T04:41:09.986Z"}
{"level":"info","message":"Executing (default): SHOW INDEX FROM `apikey`","timestamp":"2024-01-30T04:41:10.005Z"}
{"level":"info","message":"Executing (default): SHOW INDEX FROM `alumnos`","timestamp":"2024-01-30T04:41:10.009Z"}
{"level":"info","message":"Executing (default): SELECT 1+1 AS result","timestamp":"2024-01-30T04:41:17.222Z"}
{"level":"info","message":"Executing (default): SELECT 1+1 AS result","timestamp":"2024-01-30T04:41:17.227Z"}
{"level":"info","message":"Executing (default): SELECT TABLE_NAME FROM INFORMATION_SCHEMA.TABLES WHERE TABLE_TYPE = 'BASE TABLE' AND TABLE_NAME = 'alumnos' AND TABLE_SCHEMA = 'utvtapi'","timestamp":"2024-01-30T04:41:17.230Z"}
{"level":"info","message":"Executing (default): SELECT TABLE_NAME FROM INFORMATION_SCHEMA.TABLES WHERE TABLE_TYPE = 'BASE TABLE' AND TABLE_NAME = 'apikey' AND TABLE_SCHEMA = 'utvtapi'","timestamp":"2024-01-30T04:41:17.234Z"}
{"level":"info","message":"Executing (default): SHOW INDEX FROM `alumnos`","timestamp":"2024-01-30T04:41:17.239Z"}
{"level":"info","message":"Executing (default): SHOW INDEX FROM `apikey`","timestamp":"2024-01-30T04:41:17.241Z"}
{"level":"info","message":"Executing (default): SELECT `idApiKey`, `apiKey`, `empresa`, `status`, `DateCreated` FROM `apikey` AS `apikey` WHERE `apikey`.`apiKey` = '/*SNn8W0sUiALhTvxHLLsxiwiJJT/WD1b4nRx-MhT?U149C0206MMTYAPdmmc8Tl' AND `apikey`.`status` = 1 LIMIT 1;","timestamp":"2024-01-30T04:41:49.437Z"}
{"level":"info","message":"Executing (default): SELECT TABLE_NAME FROM INFORMATION_SCHEMA.TABLES WHERE TABLE_TYPE = 'BASE TABLE' AND TABLE_NAME = 'alumnos' AND TABLE_SCHEMA = 'utvtapi'","timestamp":"2024-01-30T04:41:49.445Z"}
{"level":"info","message":"Executing (default): SHOW INDEX FROM `alumnos`","timestamp":"2024-01-30T04:41:49.450Z"}
{"level":"info","message":"Executing (default): SELECT TABLE_NAME FROM INFORMATION_SCHEMA.TABLES WHERE TABLE_TYPE = 'BASE TABLE' AND TABLE_NAME = 'apikey' AND TABLE_SCHEMA = 'utvtapi'","timestamp":"2024-01-30T04:41:49.455Z"}
{"level":"info","message":"Executing (default): SHOW INDEX FROM `apikey`","timestamp":"2024-01-30T04:41:49.459Z"}
{"level":"info","message":"Executing (default): SELECT `idAlumno`, `nombre`, `apellidos`, `matricula`, `Contrasea`, `Telefono`, `Correo`, `Cuatrimestre`, `Grupo`, `activa`, `token`, `imagen`, `ingresos`, `tipoCarrera`, `deviceA_token`, `deviceW_token`, `idRol`, `idCarrera`, `matriculaTutor`, `remember_token` FROM `alumnos` AS `alumnos`;","timestamp":"2024-01-30T04:41:49.465Z"}
{"level":"info","message":"Executing (default): SELECT `idApiKey`, `apiKey`, `empresa`, `status`, `DateCreated` FROM `apikey` AS `apikey` WHERE `apikey`.`apiKey` = '/*SNn8W0sUiALhTvxHLLsxiwiJJT/WD1b4nRx-MhT?U149C0206MMTYAPdmmc8Tl' AND `apikey`.`status` = 1 LIMIT 1;","timestamp":"2024-01-30T04:42:48.274Z"}
{"level":"info","message":"Executing (default): SELECT 1+1 AS result","timestamp":"2024-01-30T04:43:56.372Z"}
{"level":"info","message":"Executing (default): SELECT 1+1 AS result","timestamp":"2024-01-30T04:43:56.377Z"}
{"level":"info","message":"Executing (default): SELECT TABLE_NAME FROM INFORMATION_SCHEMA.TABLES WHERE TABLE_TYPE = 'BASE TABLE' AND TABLE_NAME = 'alumnos' AND TABLE_SCHEMA = 'utvtapi'","timestamp":"2024-01-30T04:43:56.379Z"}
{"level":"info","message":"Executing (default): SELECT TABLE_NAME FROM INFORMATION_SCHEMA.TABLES WHERE TABLE_TYPE = 'BASE TABLE' AND TABLE_NAME = 'apikey' AND TABLE_SCHEMA = 'utvtapi'","timestamp":"2024-01-30T04:43:56.381Z"}
{"level":"info","message":"Executing (default): SHOW INDEX FROM `alumnos`","timestamp":"2024-01-30T04:43:56.385Z"}
{"level":"info","message":"Executing (default): SHOW INDEX FROM `apikey`","timestamp":"2024-01-30T04:43:56.387Z"}
{"level":"info","message":"Executing (default): SELECT `idApiKey`, `apiKey`, `empresa`, `status`, `DateCreated` FROM `apikey` AS `apikey` WHERE `apikey`.`apiKey` = '/*SNn8W0sUiALhTvxHLLsxiwiJJT/WD1b4nRx-MhT?U149C0206MMTYAPdmmc8Tl' AND `apikey`.`status` = 1 LIMIT 1;","timestamp":"2024-01-30T04:48:10.501Z"}
{"level":"info","message":"Executing (default): SELECT 1+1 AS result","timestamp":"2024-01-30T04:49:24.448Z"}
{"level":"info","message":"Executing (default): SELECT 1+1 AS result","timestamp":"2024-01-30T04:49:24.457Z"}
{"level":"info","message":"Executing (default): SELECT TABLE_NAME FROM INFORMATION_SCHEMA.TABLES WHERE TABLE_TYPE = 'BASE TABLE' AND TABLE_NAME = 'alumnos' AND TABLE_SCHEMA = 'utvtapi'","timestamp":"2024-01-30T04:49:24.462Z"}
{"level":"info","message":"Executing (default): SELECT TABLE_NAME FROM INFORMATION_SCHEMA.TABLES WHERE TABLE_TYPE = 'BASE TABLE' AND TABLE_NAME = 'apikey' AND TABLE_SCHEMA = 'utvtapi'","timestamp":"2024-01-30T04:49:24.466Z"}
{"level":"info","message":"Executing (default): SHOW INDEX FROM `alumnos`","timestamp":"2024-01-30T04:49:24.474Z"}
{"level":"info","message":"Executing (default): SHOW INDEX FROM `apikey`","timestamp":"2024-01-30T04:49:24.481Z"}
{"level":"info","message":"Executing (default): SELECT `idApiKey`, `apiKey`, `empresa`, `status`, `DateCreated` FROM `apikey` AS `apikey` WHERE `apikey`.`apiKey` = '/*SNn8W0sUiALhTvxHLLsxiwiJJT/WD1b4nRx-MhT?U149C0206MMTYAPdmmc8Tl' AND `apikey`.`status` = 1 LIMIT 1;","timestamp":"2024-01-30T04:49:27.606Z"}
{"level":"info","message":"Executing (default): UPDATE `alumnos` SET `remember_token`=? WHERE `matricula` = ?","timestamp":"2024-01-30T04:49:27.622Z"}
{"level":"info","message":"Executing (default): SELECT `idApiKey`, `apiKey`, `empresa`, `status`, `DateCreated` FROM `apikey` AS `apikey` WHERE `apikey`.`apiKey` = '/*SNn8W0sUiALhTvxHLLsxiwiJJT/WD1b4nRx-MhT?U149C0206MMTYAPdmmc8Tl' AND `apikey`.`status` = 1 LIMIT 1;","timestamp":"2024-01-30T04:50:19.405Z"}
{"level":"info","message":"Executing (default): UPDATE `alumnos` SET `remember_token`=? WHERE `matricula` = ?","timestamp":"2024-01-30T04:50:19.414Z"}
{"level":"info","message":"Executing (default): SELECT `idAlumno`, `nombre`, `apellidos`, `matricula`, `Contrasea`, `Telefono`, `Correo`, `Cuatrimestre`, `Grupo`, `activa`, `token`, `imagen`, `ingresos`, `tipoCarrera`, `deviceA_token`, `deviceW_token`, `idRol`, `idCarrera`, `matriculaTutor`, `remember_token` FROM `alumnos` AS `alumnos` WHERE `alumnos`.`matricula` = '222110833' LIMIT 1;","timestamp":"2024-01-30T04:50:19.422Z"}
{"level":"info","message":"Executing (default): SELECT 1+1 AS result","timestamp":"2024-01-30T04:53:03.258Z"}
{"level":"info","message":"Executing (default): SELECT 1+1 AS result","timestamp":"2024-01-30T04:53:03.343Z"}
{"level":"info","message":"Executing (default): SELECT TABLE_NAME FROM INFORMATION_SCHEMA.TABLES WHERE TABLE_TYPE = 'BASE TABLE' AND TABLE_NAME = 'alumnos' AND TABLE_SCHEMA = 'utvtapi'","timestamp":"2024-01-30T04:53:03.384Z"}
{"level":"info","message":"Executing (default): SELECT TABLE_NAME FROM INFORMATION_SCHEMA.TABLES WHERE TABLE_TYPE = 'BASE TABLE' AND TABLE_NAME = 'apikey' AND TABLE_SCHEMA = 'utvtapi'","timestamp":"2024-01-30T04:53:03.406Z"}
{"level":"info","message":"Executing (default): SHOW INDEX FROM `alumnos`","timestamp":"2024-01-30T04:53:03.423Z"}
{"level":"info","message":"Executing (default): SHOW INDEX FROM `apikey`","timestamp":"2024-01-30T04:53:03.426Z"}
{"level":"info","message":"Executing (default): SELECT 1+1 AS result","timestamp":"2024-01-30T04:53:06.949Z"}
{"level":"info","message":"Executing (default): SELECT 1+1 AS result","timestamp":"2024-01-30T04:53:06.957Z"}
{"level":"info","message":"Executing (default): SELECT TABLE_NAME FROM INFORMATION_SCHEMA.TABLES WHERE TABLE_TYPE = 'BASE TABLE' AND TABLE_NAME = 'alumnos' AND TABLE_SCHEMA = 'utvtapi'","timestamp":"2024-01-30T04:53:07.017Z"}
{"level":"info","message":"Executing (default): SELECT TABLE_NAME FROM INFORMATION_SCHEMA.TABLES WHERE TABLE_TYPE = 'BASE TABLE' AND TABLE_NAME = 'apikey' AND TABLE_SCHEMA = 'utvtapi'","timestamp":"2024-01-30T04:53:07.029Z"}
{"level":"info","message":"Executing (default): SHOW INDEX FROM `alumnos`","timestamp":"2024-01-30T04:53:07.039Z"}
{"level":"info","message":"Executing (default): SHOW INDEX FROM `apikey`","timestamp":"2024-01-30T04:53:07.064Z"}
{"level":"info","message":"Executing (default): SELECT 1+1 AS result","timestamp":"2024-01-30T04:53:18.838Z"}
{"level":"info","message":"Executing (default): SELECT 1+1 AS result","timestamp":"2024-01-30T04:53:18.882Z"}
{"level":"info","message":"Executing (default): SELECT TABLE_NAME FROM INFORMATION_SCHEMA.TABLES WHERE TABLE_TYPE = 'BASE TABLE' AND TABLE_NAME = 'alumnos' AND TABLE_SCHEMA = 'utvtapi'","timestamp":"2024-01-30T04:53:18.904Z"}
{"level":"info","message":"Executing (default): SELECT TABLE_NAME FROM INFORMATION_SCHEMA.TABLES WHERE TABLE_TYPE = 'BASE TABLE' AND TABLE_NAME = 'apikey' AND TABLE_SCHEMA = 'utvtapi'","timestamp":"2024-01-30T04:53:18.907Z"}
{"level":"info","message":"Executing (default): SHOW INDEX FROM `alumnos`","timestamp":"2024-01-30T04:53:18.934Z"}
{"level":"info","message":"Executing (default): SHOW INDEX FROM `apikey`","timestamp":"2024-01-30T04:53:18.959Z"}
{"level":"info","message":"Executing (default): SELECT 1+1 AS result","timestamp":"2024-01-30T04:55:09.737Z"}
{"level":"info","message":"Executing (default): SELECT 1+1 AS result","timestamp":"2024-01-30T04:55:09.751Z"}
{"level":"info","message":"Executing (default): SELECT TABLE_NAME FROM INFORMATION_SCHEMA.TABLES WHERE TABLE_TYPE = 'BASE TABLE' AND TABLE_NAME = 'alumnos' AND TABLE_SCHEMA = 'utvtapi'","timestamp":"2024-01-30T04:55:09.753Z"}
{"level":"info","message":"Executing (default): SELECT TABLE_NAME FROM INFORMATION_SCHEMA.TABLES WHERE TABLE_TYPE = 'BASE TABLE' AND TABLE_NAME = 'apikey' AND TABLE_SCHEMA = 'utvtapi'","timestamp":"2024-01-30T04:55:09.757Z"}
{"level":"info","message":"Executing (default): SHOW INDEX FROM `alumnos`","timestamp":"2024-01-30T04:55:09.763Z"}
{"level":"info","message":"Executing (default): SHOW INDEX FROM `apikey`","timestamp":"2024-01-30T04:55:09.781Z"}
{"level":"info","message":"Executing (default): SELECT 1+1 AS result","timestamp":"2024-01-30T04:55:15.108Z"}
{"level":"info","message":"Executing (default): SELECT 1+1 AS result","timestamp":"2024-01-30T04:55:15.113Z"}
{"level":"info","message":"Executing (default): SELECT TABLE_NAME FROM INFORMATION_SCHEMA.TABLES WHERE TABLE_TYPE = 'BASE TABLE' AND TABLE_NAME = 'alumnos' AND TABLE_SCHEMA = 'utvtapi'","timestamp":"2024-01-30T04:55:15.116Z"}
{"level":"info","message":"Executing (default): SELECT TABLE_NAME FROM INFORMATION_SCHEMA.TABLES WHERE TABLE_TYPE = 'BASE TABLE' AND TABLE_NAME = 'apikey' AND TABLE_SCHEMA = 'utvtapi'","timestamp":"2024-01-30T04:55:15.117Z"}
{"level":"info","message":"Executing (default): SHOW INDEX FROM `alumnos`","timestamp":"2024-01-30T04:55:15.123Z"}
{"level":"info","message":"Executing (default): SHOW INDEX FROM `apikey`","timestamp":"2024-01-30T04:55:15.127Z"}
{"level":"info","message":"Executing (default): SELECT `idApiKey`, `apiKey`, `empresa`, `status`, `DateCreated` FROM `apikey` AS `apikey` WHERE `apikey`.`apiKey` = '/*SNn8W0sUiALhTvxHLLsxiwiJJT/WD1b4nRx-MhT?U149C0206MMTYAPdmmc8Tl' AND `apikey`.`status` = 1 LIMIT 1;","timestamp":"2024-01-30T04:57:48.029Z"}
{"level":"info","message":"Executing (default): UPDATE `alumnos` SET `remember_token`=? WHERE `matricula` = ?","timestamp":"2024-01-30T04:57:48.043Z"}
{"level":"info","message":"Executing (default): SELECT `idAlumno`, `nombre`, `apellidos`, `matricula`, `Contrasea`, `Telefono`, `Correo`, `Cuatrimestre`, `Grupo`, `activa`, `token`, `imagen`, `ingresos`, `tipoCarrera`, `deviceA_token`, `deviceW_token`, `idRol`, `idCarrera`, `matriculaTutor`, `remember_token` FROM `alumnos` AS `alumnos` WHERE `alumnos`.`matricula` = '222110833' LIMIT 1;","timestamp":"2024-01-30T04:57:48.086Z"}
{"level":"info","message":"Executing (default): SELECT 1+1 AS result","timestamp":"2024-01-30T04:58:39.313Z"}
{"level":"info","message":"Executing (default): SELECT 1+1 AS result","timestamp":"2024-01-30T04:58:39.320Z"}
{"level":"info","message":"Executing (default): SELECT TABLE_NAME FROM INFORMATION_SCHEMA.TABLES WHERE TABLE_TYPE = 'BASE TABLE' AND TABLE_NAME = 'alumnos' AND TABLE_SCHEMA = 'utvtapi'","timestamp":"2024-01-30T04:58:39.322Z"}
{"level":"info","message":"Executing (default): SELECT TABLE_NAME FROM INFORMATION_SCHEMA.TABLES WHERE TABLE_TYPE = 'BASE TABLE' AND TABLE_NAME = 'apikey' AND TABLE_SCHEMA = 'utvtapi'","timestamp":"2024-01-30T04:58:39.325Z"}
{"level":"info","message":"Executing (default): SHOW INDEX FROM `alumnos`","timestamp":"2024-01-30T04:58:39.329Z"}
{"level":"info","message":"Executing (default): SHOW INDEX FROM `apikey`","timestamp":"2024-01-30T04:58:39.331Z"}
{"level":"info","message":"Executing (default): SELECT `idApiKey`, `apiKey`, `empresa`, `status`, `DateCreated` FROM `apikey` AS `apikey` WHERE `apikey`.`apiKey` = '/*SNn8W0sUiALhTvxHLLsxiwiJJT/WD1b4nRx-MhT?U149C0206MMTYAPdmmc8Tl' AND `apikey`.`status` = 1 LIMIT 1;","timestamp":"2024-01-30T04:58:47.247Z"}
{"level":"info","message":"Executing (default): UPDATE `alumnos` SET `remember_token`=? WHERE `matricula` = ?","timestamp":"2024-01-30T04:58:47.261Z"}
{"level":"info","message":"Executing (default): SELECT `idAlumno`, `nombre`, `apellidos`, `matricula`, `Contrasea`, `Telefono`, `Correo`, `Cuatrimestre`, `Grupo`, `activa`, `token`, `imagen`, `ingresos`, `tipoCarrera`, `deviceA_token`, `deviceW_token`, `idRol`, `idCarrera`, `matriculaTutor`, `remember_token` FROM `alumnos` AS `alumnos` WHERE `alumnos`.`matricula` = '222110833' LIMIT 1;","timestamp":"2024-01-30T04:58:47.537Z"}
{"level":"info","message":"Executing (default): SELECT 1+1 AS result","timestamp":"2024-01-30T05:04:43.372Z"}
{"level":"info","message":"Executing (default): SELECT 1+1 AS result","timestamp":"2024-01-30T05:04:43.377Z"}
{"level":"info","message":"Executing (default): SELECT TABLE_NAME FROM INFORMATION_SCHEMA.TABLES WHERE TABLE_TYPE = 'BASE TABLE' AND TABLE_NAME = 'alumnos' AND TABLE_SCHEMA = 'utvtapi'","timestamp":"2024-01-30T05:04:43.379Z"}
{"level":"info","message":"Executing (default): SELECT TABLE_NAME FROM INFORMATION_SCHEMA.TABLES WHERE TABLE_TYPE = 'BASE TABLE' AND TABLE_NAME = 'apikey' AND TABLE_SCHEMA = 'utvtapi'","timestamp":"2024-01-30T05:04:43.381Z"}
{"level":"info","message":"Executing (default): SHOW INDEX FROM `alumnos`","timestamp":"2024-01-30T05:04:43.386Z"}
{"level":"info","message":"Executing (default): SHOW INDEX FROM `apikey`","timestamp":"2024-01-30T05:04:43.388Z"}
{"level":"info","message":"Executing (default): SELECT 1+1 AS result","timestamp":"2024-01-30T05:04:58.762Z"}
{"level":"info","message":"Executing (default): SELECT 1+1 AS result","timestamp":"2024-01-30T05:04:58.767Z"}
{"level":"info","message":"Executing (default): SELECT TABLE_NAME FROM INFORMATION_SCHEMA.TABLES WHERE TABLE_TYPE = 'BASE TABLE' AND TABLE_NAME = 'alumnos' AND TABLE_SCHEMA = 'utvtapi'","timestamp":"2024-01-30T05:04:58.769Z"}
{"level":"info","message":"Executing (default): SELECT TABLE_NAME FROM INFORMATION_SCHEMA.TABLES WHERE TABLE_TYPE = 'BASE TABLE' AND TABLE_NAME = 'apikey' AND TABLE_SCHEMA = 'utvtapi'","timestamp":"2024-01-30T05:04:58.771Z"}
{"level":"info","message":"Executing (default): SHOW INDEX FROM `alumnos`","timestamp":"2024-01-30T05:04:58.774Z"}
{"level":"info","message":"Executing (default): SHOW INDEX FROM `apikey`","timestamp":"2024-01-30T05:04:58.775Z"}
{"level":"info","message":"Executing (default): SELECT 1+1 AS result","timestamp":"2024-01-30T05:05:01.494Z"}
{"level":"info","message":"Executing (default): SELECT 1+1 AS result","timestamp":"2024-01-30T05:05:01.499Z"}
{"level":"info","message":"Executing (default): SELECT TABLE_NAME FROM INFORMATION_SCHEMA.TABLES WHERE TABLE_TYPE = 'BASE TABLE' AND TABLE_NAME = 'alumnos' AND TABLE_SCHEMA = 'utvtapi'","timestamp":"2024-01-30T05:05:01.501Z"}
{"level":"info","message":"Executing (default): SELECT TABLE_NAME FROM INFORMATION_SCHEMA.TABLES WHERE TABLE_TYPE = 'BASE TABLE' AND TABLE_NAME = 'apikey' AND TABLE_SCHEMA = 'utvtapi'","timestamp":"2024-01-30T05:05:01.503Z"}
{"level":"info","message":"Executing (default): SHOW INDEX FROM `alumnos`","timestamp":"2024-01-30T05:05:01.507Z"}
{"level":"info","message":"Executing (default): SHOW INDEX FROM `apikey`","timestamp":"2024-01-30T05:05:01.508Z"}
{"level":"info","message":"Executing (default): SELECT 1+1 AS result","timestamp":"2024-01-30T05:05:08.361Z"}
{"level":"info","message":"Executing (default): SELECT 1+1 AS result","timestamp":"2024-01-30T05:05:08.365Z"}
{"level":"info","message":"Executing (default): SELECT TABLE_NAME FROM INFORMATION_SCHEMA.TABLES WHERE TABLE_TYPE = 'BASE TABLE' AND TABLE_NAME = 'alumnos' AND TABLE_SCHEMA = 'utvtapi'","timestamp":"2024-01-30T05:05:08.368Z"}
{"level":"info","message":"Executing (default): SELECT TABLE_NAME FROM INFORMATION_SCHEMA.TABLES WHERE TABLE_TYPE = 'BASE TABLE' AND TABLE_NAME = 'apikey' AND TABLE_SCHEMA = 'utvtapi'","timestamp":"2024-01-30T05:05:08.370Z"}
{"level":"info","message":"Executing (default): SHOW INDEX FROM `alumnos`","timestamp":"2024-01-30T05:05:08.374Z"}
{"level":"info","message":"Executing (default): SHOW INDEX FROM `apikey`","timestamp":"2024-01-30T05:05:08.376Z"}
{"level":"info","message":"Executing (default): SELECT `idApiKey`, `apiKey`, `empresa`, `status`, `DateCreated` FROM `apikey` AS `apikey` WHERE `apikey`.`apiKey` = '/*SNn8W0sUiALhTvxHLLsxiwiJJT/WD1b4nRx-MhT?U149C0206MMTYAPdmmc8Tl' AND `apikey`.`status` = 1 LIMIT 1;","timestamp":"2024-01-30T05:08:47.362Z"}
{"level":"info","message":"Executing (default): UPDATE `alumnos` SET `remember_token`=? WHERE `remember_token` = ?","timestamp":"2024-01-30T05:08:47.371Z"}
{"level":"info","message":"Executing (default): SELECT 1+1 AS result","timestamp":"2024-01-30T05:13:13.367Z"}
{"level":"info","message":"Executing (default): SELECT 1+1 AS result","timestamp":"2024-01-30T05:13:13.399Z"}
{"level":"info","message":"Executing (default): SELECT TABLE_NAME FROM INFORMATION_SCHEMA.TABLES WHERE TABLE_TYPE = 'BASE TABLE' AND TABLE_NAME = 'alumnos' AND TABLE_SCHEMA = 'utvtapi'","timestamp":"2024-01-30T05:13:13.426Z"}
{"level":"info","message":"Executing (default): SELECT TABLE_NAME FROM INFORMATION_SCHEMA.TABLES WHERE TABLE_TYPE = 'BASE TABLE' AND TABLE_NAME = 'apikey' AND TABLE_SCHEMA = 'utvtapi'","timestamp":"2024-01-30T05:13:13.435Z"}
{"level":"info","message":"Executing (default): SHOW INDEX FROM `alumnos`","timestamp":"2024-01-30T05:13:13.458Z"}
{"level":"info","message":"Executing (default): SHOW INDEX FROM `apikey`","timestamp":"2024-01-30T05:13:13.479Z"}
{"level":"info","message":"Executing (default): SELECT `idApiKey`, `apiKey`, `empresa`, `status`, `DateCreated` FROM `apikey` AS `apikey` WHERE `apikey`.`apiKey` = '/*SNn8W0sUiALhTvxHLLsxiwiJJT/WD1b4nRx-MhT?U149C0206MMTYAPdmmc8Tl' AND `apikey`.`status` = 1 LIMIT 1;","timestamp":"2024-01-30T05:13:17.103Z"}
{"level":"info","message":"Executing (default): UPDATE `alumnos` SET `remember_token`=? WHERE `matricula` = ?","timestamp":"2024-01-30T05:13:17.138Z"}
{"level":"info","message":"Executing (default): SELECT `idAlumno`, `nombre`, `apellidos`, `matricula`, `Contrasea`, `Telefono`, `Correo`, `Cuatrimestre`, `Grupo`, `activa`, `token`, `imagen`, `ingresos`, `tipoCarrera`, `deviceA_token`, `deviceW_token`, `idRol`, `idCarrera`, `matriculaTutor`, `remember_token` FROM `alumnos` AS `alumnos` WHERE `alumnos`.`matricula` = '222110833' LIMIT 1;","timestamp":"2024-01-30T05:13:17.150Z"}
{"level":"info","message":"Executing (default): SELECT `idApiKey`, `apiKey`, `empresa`, `status`, `DateCreated` FROM `apikey` AS `apikey` WHERE `apikey`.`apiKey` = '/*SNn8W0sUiALhTvxHLLsxiwiJJT/WD1b4nRx-MhT?U149C0206MMTYAPdmmc8Tl' AND `apikey`.`status` = 1 LIMIT 1;","timestamp":"2024-01-30T05:13:28.832Z"}
{"level":"info","message":"Executing (default): UPDATE `alumnos` SET `remember_token`=? WHERE `remember_token` = ?","timestamp":"2024-01-30T05:13:28.837Z"}
{"level":"info","message":"Executing (default): SELECT 1+1 AS result","timestamp":"2024-01-30T05:14:09.826Z"}
{"level":"info","message":"Executing (default): SELECT 1+1 AS result","timestamp":"2024-01-30T05:14:09.832Z"}
{"level":"info","message":"Executing (default): SELECT TABLE_NAME FROM INFORMATION_SCHEMA.TABLES WHERE TABLE_TYPE = 'BASE TABLE' AND TABLE_NAME = 'alumnos' AND TABLE_SCHEMA = 'utvtapi'","timestamp":"2024-01-30T05:14:09.836Z"}
{"level":"info","message":"Executing (default): SELECT TABLE_NAME FROM INFORMATION_SCHEMA.TABLES WHERE TABLE_TYPE = 'BASE TABLE' AND TABLE_NAME = 'apikey' AND TABLE_SCHEMA = 'utvtapi'","timestamp":"2024-01-30T05:14:09.838Z"}
{"level":"info","message":"Executing (default): SHOW INDEX FROM `alumnos`","timestamp":"2024-01-30T05:14:09.843Z"}
{"level":"info","message":"Executing (default): SHOW INDEX FROM `apikey`","timestamp":"2024-01-30T05:14:09.845Z"}
{"level":"info","message":"Executing (default): SELECT 1+1 AS result","timestamp":"2024-01-30T05:56:13.604Z"}
{"level":"info","message":"Executing (default): SELECT 1+1 AS result","timestamp":"2024-01-30T05:56:13.608Z"}
{"level":"info","message":"Executing (default): SELECT TABLE_NAME FROM INFORMATION_SCHEMA.TABLES WHERE TABLE_TYPE = 'BASE TABLE' AND TABLE_NAME = 'alumnos' AND TABLE_SCHEMA = 'utvtapi'","timestamp":"2024-01-30T05:56:13.610Z"}
{"level":"info","message":"Executing (default): SELECT TABLE_NAME FROM INFORMATION_SCHEMA.TABLES WHERE TABLE_TYPE = 'BASE TABLE' AND TABLE_NAME = 'apikey' AND TABLE_SCHEMA = 'utvtapi'","timestamp":"2024-01-30T05:56:13.612Z"}
{"level":"info","message":"Executing (default): SHOW INDEX FROM `alumnos`","timestamp":"2024-01-30T05:56:13.615Z"}
{"level":"info","message":"Executing (default): SHOW INDEX FROM `apikey`","timestamp":"2024-01-30T05:56:13.617Z"}
